<?xml version="1.0" encoding="UTF-8"?>
<?xml-stylesheet type="text/xsl" href="junit.xsl"?>
<testsuites>
  <meta_test_info page_active="no-links" link_url=""/>
  <testsuite name="pre_suite" tests="1" errors="0" failures="1" skip="0" pending="0" total="3" time="552.259975">
    <properties>
[...]
</properties>
    <testcase classname="pre-suite" name="00_pe_install.rb" time="552.259498">
      <failure type="fail" message="&#10;Failed to sign cert for centos\-72\-x64\-agent&#10;"><![CDATA[/home/mrsj/work/puppet/puppetlabs-lvm/.bundle/gems/ruby/2.1.0/gems/beaker-2.35.0/lib/beaker/dsl/outcomes.rb:44:in `fail_test'\n/home/mrsj/work/puppet/puppetlabs-lvm/.bundle/gems/ruby/2.1.0/gems/beaker-2.35.0/lib/beaker/dsl/helpers/puppet_helpers.rb:726:in `block (2 levels) in sign_certificate_for'\n/home/mrsj/work/puppet/puppetlabs-lvm/.bundle/gems/ruby/2.1.0/gems/beaker-2.35.0/lib/beaker/dsl/helpers/puppet_helpers.rb:725:in `each'\n/home/mrsj/work/puppet/puppetlabs-lvm/.bundle/gems/ruby/2.1.0/gems/beaker-2.35.0/lib/beaker/dsl/helpers/puppet_helpers.rb:725:in `block in sign_certificate_for'\n/home/mrsj/work/puppet/puppetlabs-lvm/.bundle/gems/ruby/2.1.0/gems/beaker-2.35.0/lib/beaker/shared/host_manager.rb:115:in `run_block_on'\n/home/mrsj/work/puppet/puppetlabs-lvm/.bundle/gems/ruby/2.1.0/gems/beaker-2.35.0/lib/beaker/dsl/patterns.rb:35:in `block_on'\n/home/mrsj/work/puppet/puppetlabs-lvm/.bundle/gems/ruby/2.1.0/gems/beaker-2.35.0/lib/beaker/dsl/helpers/puppet_helpers.rb:713:in `sign_certificate_for'\n/home/mrsj/work/puppet/puppetlabs-lvm/.bundle/gems/ruby/2.1.0/gems/beaker-2.35.0/lib/beaker/dsl/install_utils/pe_utils.rb:438:in `block in do_install'\n/home/mrsj/work/puppet/puppetlabs-lvm/.bundle/gems/ruby/2.1.0/gems/beaker-2.35.0/lib/beaker/dsl/install_utils/pe_utils.rb:394:in `each'\n/home/mrsj/work/puppet/puppetlabs-lvm/.bundle/gems/ruby/2.1.0/gems/beaker-2.35.0/lib/beaker/dsl/install_utils/pe_utils.rb:394:in `do_install'\n/home/mrsj/work/puppet/puppetlabs-lvm/.bundle/gems/ruby/2.1.0/gems/beaker-2.35.0/lib/beaker/dsl/install_utils/pe_utils.rb:575:in `block in install_pe_on'\n/home/mrsj/work/puppet/puppetlabs-lvm/.bundle/gems/ruby/2.1.0/gems/beaker-2.35.0/lib/beaker/dsl/structure.rb:230:in `confine_block'\n/home/mrsj/work/puppet/puppetlabs-lvm/.bundle/gems/ruby/2.1.0/gems/beaker-2.35.0/lib/beaker/dsl/install_utils/pe_utils.rb:558:in `install_pe_on'\n/home/mrsj/work/puppet/puppetlabs-lvm/.bundle/gems/ruby/2.1.0/gems/beaker-2.35.0/lib/beaker/dsl/install_utils/pe_utils.rb:532:in `install_pe'\npre-suite/00_pe_install.rb:6:in `block in run_test'\n/home/mrsj/work/puppet/puppetlabs-lvm/.bundle/gems/ruby/2.1.0/gems/beaker-2.35.0/lib/beaker/test_case.rb:128:in `eval'\n/home/mrsj/work/puppet/puppetlabs-lvm/.bundle/gems/ruby/2.1.0/gems/beaker-2.35.0/lib/beaker/test_case.rb:128:in `block in run_test'\n/usr/lib/ruby/2.1.0/benchmark.rb:294:in `realtime'\n/home/mrsj/work/puppet/puppetlabs-lvm/.bundle/gems/ruby/2.1.0/gems/beaker-2.35.0/lib/beaker/test_case.rb:125:in `run_test'\n/home/mrsj/work/puppet/puppetlabs-lvm/.bundle/gems/ruby/2.1.0/gems/beaker-2.35.0/lib/beaker/test_suite.rb:311:in `block in run'\n/home/mrsj/work/puppet/puppetlabs-lvm/.bundle/gems/ruby/2.1.0/gems/beaker-2.35.0/lib/beaker/test_suite.rb:308:in `each'\n/home/mrsj/work/puppet/puppetlabs-lvm/.bundle/gems/ruby/2.1.0/gems/beaker-2.35.0/lib/beaker/test_suite.rb:308:in `run'\n/home/mrsj/work/puppet/puppetlabs-lvm/.bundle/gems/ruby/2.1.0/gems/beaker-2.35.0/lib/beaker/test_suite.rb:357:in `run_and_raise_on_failure'\n/home/mrsj/work/puppet/puppetlabs-lvm/.bundle/gems/ruby/2.1.0/gems/beaker-2.35.0/lib/beaker/cli.rb:159:in `run_suite'\n/home/mrsj/work/puppet/puppetlabs-lvm/.bundle/gems/ruby/2.1.0/gems/beaker-2.35.0/lib/beaker/cli.rb:95:in `execute!'\n/home/mrsj/work/puppet/puppetlabs-lvm/.bundle/gems/ruby/2.1.0/gems/beaker-2.35.0/bin/beaker:6:in `<top (required)>'\n/home/mrsj/work/puppet/puppetlabs-lvm/.bundle/gems/ruby/2.1.0/bin/beaker:23:in `load'\n/home/mrsj/work/puppet/puppetlabs-lvm/.bundle/gems/ruby/2.1.0/bin/beaker:23:in `<main>']]></failure>
      <system-out><![CDATA[
FM-4614 - Cxx - Install Puppet Enterprise

* Install PE

centos-72-x64-master 10:37:07$ mktemp -dt 2016-03-02_10.37.07.XXXXXX
  /tmp/2016-03-02_10.37.07.rk9UzN

centos-72-x64-master executed in 0.04 seconds
localhost $ scp /home/mrsj/work/puppet/pe//puppet-enterprise-2015.3.2-el-7-x86_64.tar.gz centos-72-x64-master:/tmp/2016-03-02_10.37.07.rk9UzN/puppet-enterprise-2015.3.2-el-7-x86_64.tar.gz {:ignore => }

centos-72-x64-master 10:37:14$ cd /tmp/2016-03-02_10.37.07.rk9UzN; gunzip puppet-enterprise-2015.3.2-el-7-x86_64.tar.gz

centos-72-x64-master executed in 2.45 seconds

centos-72-x64-master 10:37:16$ cd /tmp/2016-03-02_10.37.07.rk9UzN; tar -xvf puppet-enterprise-2015.3.2-el-7-x86_64.tar
  puppet-enterprise-2015.3.2-el-7-x86_64/VERSION
  puppet-enterprise-2015.3.2-el-7-x86_64/LICENSE.txt
  puppet-enterprise-2015.3.2-el-7-x86_64/puppet-enterprise-support
  puppet-enterprise-2015.3.2-el-7-x86_64/supported_platforms
  puppet-enterprise-2015.3.2-el-7-x86_64/puppet-enterprise-installer
  puppet-enterprise-2015.3.2-el-7-x86_64/puppet-enterprise-uninstaller
  puppet-enterprise-2015.3.2-el-7-x86_64/utilities
  puppet-enterprise-2015.3.2-el-7-x86_64/db_import_export.rake
  puppet-enterprise-2015.3.2-el-7-x86_64/environments.rake
  puppet-enterprise-2015.3.2-el-7-x86_64/update-superuser-password.rb
  puppet-enterprise-2015.3.2-el-7-x86_64/pe-code-migration.rb
  puppet-enterprise-2015.3.2-el-7-x86_64/pe-classification.rb
  puppet-enterprise-2015.3.2-el-7-x86_64/README.markdown
  puppet-enterprise-2015.3.2-el-7-x86_64/packages/el-7-x86_64-package-versions.json
  puppet-enterprise-2015.3.2-el-7-x86_64/packages/el-7-x86_64/pe-activemq-5.13.0-2.pe.el7.noarch.rpm
  puppet-enterprise-2015.3.2-el-7-x86_64/packages/el-7-x86_64/pe-bundler-1.8.2-3.pe.el7.noarch.rpm
  puppet-enterprise-2015.3.2-el-7-x86_64/packages/el-7-x86_64/pe-client-tools-1.0.1-1.el7.x86_64.rpm
  puppet-enterprise-2015.3.2-el-7-x86_64/packages/el-7-x86_64/pe-console-services-1.2.110-1.el7.noarch.rpm
  puppet-enterprise-2015.3.2-el-7-x86_64/packages/el-7-x86_64/pe-console-services-termini-1.2.110-1.el7.noarch.rpm
  puppet-enterprise-2015.3.2-el-7-x86_64/packages/el-7-x86_64/pe-installer-2015.3.2-1.el7.x86_64.rpm
  puppet-enterprise-2015.3.2-el-7-x86_64/packages/el-7-x86_64/pe-java-1.8.0.71-1.b15.pe.el7.x86_64.rpm
  puppet-enterprise-2015.3.2-el-7-x86_64/packages/el-7-x86_64/pe-license-0.1.5.7-1.pe.el7.noarch.rpm
  puppet-enterprise-2015.3.2-el-7-x86_64/packages/el-7-x86_64/pe-nginx-1.8.0-9.pe.el7.x86_64.rpm
  puppet-enterprise-2015.3.2-el-7-x86_64/packages/el-7-x86_64/pe-orchestration-services-0.3.1-1.el7.noarch.rpm
  puppet-enterprise-2015.3.2-el-7-x86_64/packages/el-7-x86_64/pe-postgresql-9.4.5-2.pe.el7.x86_64.rpm
  puppet-enterprise-2015.3.2-el-7-x86_64/packages/el-7-x86_64/pe-postgresql-contrib-9.4.5-2.pe.el7.x86_64.rpm
  puppet-enterprise-2015.3.2-el-7-x86_64/packages/el-7-x86_64/pe-postgresql-devel-9.4.5-2.pe.el7.x86_64.rpm
  puppet-enterprise-2015.3.2-el-7-x86_64/packages/el-7-x86_64/pe-postgresql-server-9.4.5-2.pe.el7.x86_64.rpm
  puppet-enterprise-2015.3.2-el-7-x86_64/packages/el-7-x86_64/pe-puppet-enterprise-release-2015.3.2.0-1.pe.el7.noarch.rpm
  puppet-enterprise-2015.3.2-el-7-x86_64/packages/el-7-x86_64/pe-puppet-license-cli-0.1.7.20-1.pe.el7.noarch.rpm
  puppet-enterprise-2015.3.2-el-7-x86_64/packages/el-7-x86_64/pe-puppetdb-3.2.3-1.el7.noarch.rpm
  puppet-enterprise-2015.3.2-el-7-x86_64/packages/el-7-x86_64/pe-puppetdb-termini-3.2.3-1.el7.noarch.rpm
  puppet-enterprise-2015.3.2-el-7-x86_64/packages/el-7-x86_64/pe-puppetserver-2.2.40-1.el7.noarch.rpm
  puppet-enterprise-2015.3.2-el-7-x86_64/packages/el-7-x86_64/pe-r10k-2.1.1.0-1.el7.x86_64.rpm
  puppet-enterprise-2015.3.2-el-7-x86_64/packages/el-7-x86_64/pe-razor-libs-1.0.1-9.pe.el7.noarch.rpm
  puppet-enterprise-2015.3.2-el-7-x86_64/packages/el-7-x86_64/pe-razor-server-1.1.0.1-1.pe.el7.noarch.rpm
  puppet-enterprise-2015.3.2-el-7-x86_64/packages/el-7-x86_64/puppet-agent-1.3.5-1.el7.x86_64.rpm
  puppet-enterprise-2015.3.2-el-7-x86_64/packages/el-7-x86_64/repodata/
  puppet-enterprise-2015.3.2-el-7-x86_64/packages/el-7-x86_64/repodata/b8a00d1349909d60192e7f66f1737c727e908111-other.sqlite.bz2
  puppet-enterprise-2015.3.2-el-7-x86_64/packages/el-7-x86_64/repodata/e4d4a5e2229ba3619ad2c29a73b9614943876f0b-other.xml.gz
  puppet-enterprise-2015.3.2-el-7-x86_64/packages/el-7-x86_64/repodata/c153f0608920d953e09a0e2690d434886522211e-filelists.sqlite.bz2
  puppet-enterprise-2015.3.2-el-7-x86_64/packages/el-7-x86_64/repodata/e358f0ce3a49b1af48f5ff720638662ca93b83bb-filelists.xml.gz
  puppet-enterprise-2015.3.2-el-7-x86_64/packages/el-7-x86_64/repodata/9f6ae84682e81f9d12d324a3c5b878dd2600a651-primary.sqlite.bz2
  puppet-enterprise-2015.3.2-el-7-x86_64/packages/el-7-x86_64/repodata/79cd6fc8827c06e963f30b337654e9f17f87ce08-primary.xml.gz
  puppet-enterprise-2015.3.2-el-7-x86_64/packages/el-7-x86_64/repodata/repomd.xml
  puppet-enterprise-2015.3.2-el-7-x86_64/modules/install_modules.txt
  puppet-enterprise-2015.3.2-el-7-x86_64/modules/puppetlabs-pe_accounts-2.0.2-6-gd2f698c.tar.gz
  puppet-enterprise-2015.3.2-el-7-x86_64/modules/puppetlabs-pe_concat-1.1.2-7-g77ec55b.tar.gz
  puppet-enterprise-2015.3.2-el-7-x86_64/modules/puppetlabs-pe_console_prune-0.1.1-9-gfc256c0.tar.gz
  puppet-enterprise-2015.3.2-el-7-x86_64/modules/puppetlabs-pe_hocon-2015.3.0.tar.gz
  puppet-enterprise-2015.3.2-el-7-x86_64/modules/puppetlabs-pe_inifile-1.1.4-16-gcb39966.tar.gz
  puppet-enterprise-2015.3.2-el-7-x86_64/modules/puppetlabs-pe_java_ks-1.2.4-37-g2d86015.tar.gz
  puppet-enterprise-2015.3.2-el-7-x86_64/modules/puppetlabs-pe_nginx-2015.2.0-rc0.tar.gz
  puppet-enterprise-2015.3.2-el-7-x86_64/modules/puppetlabs-pe_postgresql-2015.3.0.tar.gz
  puppet-enterprise-2015.3.2-el-7-x86_64/modules/puppetlabs-pe_puppet_authorization-2015.3.0.tar.gz
  puppet-enterprise-2015.3.2-el-7-x86_64/modules/puppetlabs-pe_puppetdbquery-2015.3.0.tar.gz
  puppet-enterprise-2015.3.2-el-7-x86_64/modules/puppetlabs-pe_r10k-2015.3.0.tar.gz
  puppet-enterprise-2015.3.2-el-7-x86_64/modules/puppetlabs-pe_razor-0.2.1-84-gbb045d2.tar.gz
  puppet-enterprise-2015.3.2-el-7-x86_64/modules/puppetlabs-pe_repo-2015.3.3-4-gcf7f1ac.tar.gz
  puppet-enterprise-2015.3.2-el-7-x86_64/modules/puppetlabs-pe_staging-2015.3.0.tar.gz
  puppet-enterprise-2015.3.2-el-7-x86_64/modules/puppetlabs-puppet_enterprise-2015.3.2.tar.gz
  puppet-enterprise-2015.3.2-el-7-x86_64/modules/whitelist_modules.txt
  puppet-enterprise-2015.3.2-el-7-x86_64/answers/all-in-one.answers.txt
  puppet-enterprise-2015.3.2-el-7-x86_64/answers/complete-answers.answers.txt
  puppet-enterprise-2015.3.2-el-7-x86_64/answers/split-console.answers.txt
  puppet-enterprise-2015.3.2-el-7-x86_64/answers/split-master.answers.txt
  puppet-enterprise-2015.3.2-el-7-x86_64/answers/split-puppetdb.answers.txt
  puppet-enterprise-2015.3.2-el-7-x86_64/erb/autosign.conf.erb
  puppet-enterprise-2015.3.2-el-7-x86_64/erb/check-auth.conf.pp.erb
  puppet-enterprise-2015.3.2-el-7-x86_64/erb/console.pp.erb
  puppet-enterprise-2015.3.2-el-7-x86_64/erb/master.pp.erb
  puppet-enterprise-2015.3.2-el-7-x86_64/erb/pe_repo.pp.erb
  puppet-enterprise-2015.3.2-el-7-x86_64/erb/postgresql_server.pp.erb
  puppet-enterprise-2015.3.2-el-7-x86_64/erb/puppet.conf.erb
  puppet-enterprise-2015.3.2-el-7-x86_64/erb/puppet_enterprise.pp.erb
  puppet-enterprise-2015.3.2-el-7-x86_64/erb/puppetdb.pp.erb
  puppet-enterprise-2015.3.2-el-7-x86_64/erb/site.pp.erb
  puppet-enterprise-2015.3.2-el-7-x86_64/gpg/GPG-KEY-puppetlabs
  puppet-enterprise-2015.3.2-el-7-x86_64/noask/solaris-noask
  puppet-enterprise-2015.3.2-el-7-x86_64/packages/el-7-x86_64/repodata/repomd.xml.asc

centos-72-x64-master executed in 0.73 seconds
localhost $ scp /tmp/beaker20160302-15080-db9vc9 centos-72-x64-master:/tmp/2016-03-02_10.37.07.rk9UzN/answers {:ignore => }

centos-72-x64-master 10:37:17$ cd /tmp/2016-03-02_10.37.07.rk9UzN/puppet-enterprise-2015.3.2-el-7-x86_64 && ./puppet-enterprise-installer -a /tmp/2016-03-02_10.37.07.rk9UzN/answers
  ========================================================================
  
  Puppet Enterprise v2015.3.2 installer
  
  Puppet Enterprise documentation can be found at http://docs.puppetlabs.com/pe/2015.3/

  ------------------------------------------------------------------------
  
  STEP 1: READ ANSWERS FROM FILE
  
  ## Reading answers from file: /tmp/2016-03-02_10.37.07.rk9UzN/answers
  
  ------------------------------------------------------------------------
  
  STEP 2: SELECT AND CONFIGURE ROLES
     This installer lets you select and install the various roles
     required in a Puppet Enterprise deployment: puppet master,
     console, database, and puppet agent.  
  
  NOTE: when specifying hostnames during installation, use the fully-qualified domain name (foo.example.com) rather than a shortened name (foo).
  
  -> puppet master
  
     The puppet master serves configurations to a group of puppet
     agent nodes. This role also provides MCollective's message queue
     and client interface. It should be installed on a robust,
     dedicated server.
  ?? Install puppet master? [y/N]   y
  
  -> standalone install
  
     You may choose to either install PuppetDB and the console on this
     node, or to install each service on its own node. If you choose
     not to install PuppetDB and the console on this node, you will be
     asked where to find them.
  ?? Install PuppetDB and console on this node? [Y/n]   y
  
  -> puppet agent
  
     The puppet agent role is automatically installed with the
     console, puppet master, and puppetdb roles.
  ?? The puppet master's certificate will contain a unique name
     ("certname"); this should be the main DNS name at which it can be
     reliably reached. Puppet master's certname? [Default:
     centos-72-x64-master.]   centos-72-x64-master
  ?? The puppet master's certificate can contain DNS aliases; agent
     nodes will only trust the master if they reach it at its certname
     or one of these official aliases. Puppet master's DNS aliases
     (comma-separated list)? [Default: centos-72-x64-master,puppet]   centos-72-x64-master,10.255.192.205,puppet

     The Puppet Enterprise console and PuppetDB require a PostgreSQL
     database and a user account able to edit it. Puppet Enterprise
     includes a Postgresql server which you can install locally, or
     you can specify an existing remote database (which must be
     configured and available prior to installing the console or
     PuppetDB).
  ?? Install the included Puppet Enterprise PostgreSQL server locally?
     [Y/n]   y
  ?? Password for Puppet Enterprise Console superuser 'admin' (minimum
     8 characters)?   
  
  -> Vendor Packages
  
     The installer has detected that Puppet Enterprise requires
     additional packages from your operating system vendor's
     repositories, and can automatically install them. If you choose
     not to install these packages automatically, the installer will
     exit so you can install them manually.
     Additional vendor packages required for installation:
     * libjpeg
     * libxslt
     * mailcap
     * pciutils

  ?? Install these packages automatically? [Y/n]   y
  ?? Enable the file sync service? (this will default to 'y' on an
     install and 'n' on an upgrade when upgrading from a version prior
     to 2015.3) [Y/n]   y
  
  ------------------------------------------------------------------------
  
  STEP 3: CONFIRM PLAN
  
  You have selected to install the following components (and their dependencies)
  * Puppet Master
  * PuppetDB
  * Console
  * Puppet Agent
  ?? Perform installation? [Y/n]   y
  ## Answers saved in the following files: /tmp/2016-03-02_10.37.07.rk9UzN/puppet-enterprise-2015.3.2-el-7-x86_64/answers.lastrun.centos-72-x64-master. and /etc/puppetlabs/installer/answers.install
  
  ========================================================================
  
  ------------------------------------------------------------------------
  
  STEP 4: INSTALL PACKAGES
  ## Installing packages from repositories...
  Loaded plugins: fastestmirror
  Loading mirror speeds from cached hostfile
   * base: mirrors.sonic.net
   * extras: mirror.ash.fastserv.com
   * updates: mirrors.syringanetworks.net
  Package zlib-1.2.7-15.el7.x86_64 already installed and latest version
  Package which-2.20-7.el7.x86_64 already installed and latest version
  Package net-tools-2.0-0.17.20131004git.el7.x86_64 already installed and latest version
  Package curl-7.29.0-25.el7.centos.x86_64 already installed and latest version
  Package centos-logos-70.0.6-3.el7.centos.noarch already installed and latest version
  Resolving Dependencies
  --> Running transaction check
  ---> Package libjpeg-turbo.x86_64 0:1.2.90-5.el7 will be installed
  ---> Package libxml2.x86_64 0:2.9.1-5.el7_1.2 will be updated
  ---> Package libxml2.x86_64 0:2.9.1-6.el7_2.2 will be an update
  ---> Package libxslt.x86_64 0:1.1.28-5.el7 will be installed
  ---> Package mailcap.noarch 0:2.1.41-2.el7 will be installed
  ---> Package pciutils.x86_64 0:3.2.1-4.el7 will be installed
  ---> Package pe-client-tools.x86_64 0:1.0.1-1.el7 will be installed
  ---> Package pe-console-services.noarch 0:1.2.110-1.el7 will be installed
  ---> Package pe-console-services-termini.noarch 0:1.2.110-1.el7 will be installed
  ---> Package pe-java.x86_64 0:1.8.0.71-1.b15.pe.el7 will be installed
  ---> Package pe-license.noarch 0:0.1.5.7-1.pe.el7 will be installed
  ---> Package pe-nginx.x86_64 0:1.8.0-9.pe.el7 will be installed
  ---> Package pe-orchestration-services.noarch 0:0.3.1-1.el7 will be installed
  ---> Package pe-postgresql.x86_64 0:9.4.5-2.pe.el7 will be installed
  ---> Package pe-postgresql-contrib.x86_64 0:9.4.5-2.pe.el7 will be installed
  ---> Package pe-postgresql-server.x86_64 0:9.4.5-2.pe.el7 will be installed
  ---> Package pe-puppet-enterprise-release.noarch 0:2015.3.2.0-1.pe.el7 will be installed
  ---> Package pe-puppet-license-cli.noarch 0:0.1.7.20-1.pe.el7 will be installed
  ---> Package pe-puppetdb.noarch 0:3.2.3-1.el7 will be installed
  ---> Package pe-puppetdb-termini.noarch 0:3.2.3-1.el7 will be installed
  ---> Package pe-puppetserver.noarch 0:2.2.40-1.el7 will be installed
  ---> Package pe-r10k.x86_64 0:2.1.1.0-1.el7 will be installed
  ---> Package puppet-agent.x86_64 0:1.3.5-1.el7 will be installed
  --> Finished Dependency Resolution
  
  Dependencies Resolved
  
  ================================================================================
   Package               Arch   Version         Repository                   Size
  ================================================================================
  Installing:
   libjpeg-turbo         x86_64 1.2.90-5.el7    base                        134 k
   libxslt               x86_64 1.1.28-5.el7    base                        242 k
   mailcap               noarch 2.1.41-2.el7    base                         31 k
   pciutils              x86_64 3.2.1-4.el7     base                         90 k
   pe-client-tools       x86_64 1.0.1-1.el7     puppet-enterprise-installer 1.7 M
   pe-console-services   noarch 1.2.110-1.el7   puppet-enterprise-installer  30 M
   pe-console-services-termini
                         noarch 1.2.110-1.el7   puppet-enterprise-installer 5.4 k
   pe-java               x86_64 1.8.0.71-1.b15.pe.el7
                                                puppet-enterprise-installer  38 M
   pe-license            noarch 0.1.5.7-1.pe.el7
                                                puppet-enterprise-installer 4.9 k
   pe-nginx              x86_64 1.8.0-9.pe.el7  puppet-enterprise-installer 302 k
   pe-orchestration-services
                         noarch 0.3.1-1.el7     puppet-enterprise-installer  35 M
   pe-postgresql         x86_64 9.4.5-2.pe.el7  puppet-enterprise-installer  12 M
   pe-postgresql-contrib x86_64 9.4.5-2.pe.el7  puppet-enterprise-installer 525 k
   pe-postgresql-server  x86_64 9.4.5-2.pe.el7  puppet-enterprise-installer 3.9 M
   pe-puppet-enterprise-release
                         noarch 2015.3.2.0-1.pe.el7
                                                puppet-enterprise-installer  12 k
   pe-puppet-license-cli noarch 0.1.7.20-1.pe.el7
                                                puppet-enterprise-installer 5.4 k
   pe-puppetdb           noarch 3.2.3-1.el7     puppet-enterprise-installer  24 M
   pe-puppetdb-termini   noarch 3.2.3-1.el7     puppet-enterprise-installer  25 k
   pe-puppetserver       noarch 2.2.40-1.el7    puppet-enterprise-installer  36 M
   pe-r10k               x86_64 2.1.1.0-1.el7   puppet-enterprise-installer 6.5 M
   puppet-agent          x86_64 1.3.5-1.el7     puppet-enterprise-installer  22 M
  Updating:
   libxml2               x86_64 2.9.1-6.el7_2.2 updates                     666 k
  
  Transaction Summary
  ================================================================================
  Install  21 Packages
  Upgrade   1 Package
  
  Total download size: 212 M
  Downloading packages:
  Delta RPMs disabled because /usr/bin/applydeltarpm not installed.
  --------------------------------------------------------------------------------
  Total                                               73 MB/s | 212 MB  00:02     
  Running transaction check
  Running transaction test
  Transaction test succeeded
  Running transaction
    Installing : puppet-agent-1.3.5-1.el7.x86_64                             1/23   
    Installing : pe-puppet-enterprise-release-2015.3.2.0-1.pe.el7.noarch     2/23   
    Installing : pe-java-1.8.0.71-1.b15.pe.el7.x86_64                        3/23   
    Installing : pe-client-tools-1.0.1-1.el7.x86_64                          4/23   
    Installing : pe-license-0.1.5.7-1.pe.el7.noarch                          5/23   
    Updating   : libxml2-2.9.1-6.el7_2.2.x86_64                              6/23   
    Installing : libxslt-1.1.28-5.el7.x86_64                                 7/23   
    Installing : pe-postgresql-9.4.5-2.pe.el7.x86_64                         8/23   
    Installing : pe-postgresql-server-9.4.5-2.pe.el7.x86_64                  9/23   
    Installing : pe-postgresql-contrib-9.4.5-2.pe.el7.x86_64                10/23   
    Installing : pe-puppet-license-cli-0.1.7.20-1.pe.el7.noarch             11/23   
    Installing : pe-r10k-2.1.1.0-1.el7.x86_64                               12/23   
    Installing : pe-orchestration-services-0.3.1-1.el7.noarch               13/23   
    Installing : pe-console-services-1.2.110-1.el7.noarch                   14/23   
    Installing : pe-puppetdb-3.2.3-1.el7.noarch                             15/23   
    Installing : pe-puppetserver-2.2.40-1.el7.noarch                        16/23   
    Installing : pe-nginx-1.8.0-9.pe.el7.x86_64                             17/23   
    Installing : pe-console-services-termini-1.2.110-1.el7.noarch           18/23   
    Installing : pe-puppetdb-termini-3.2.3-1.el7.noarch                     19/23   
    Installing : pciutils-3.2.1-4.el7.x86_64                                20/23   
    Installing : mailcap-2.1.41-2.el7.noarch                                21/23   
    Installing : libjpeg-turbo-1.2.90-5.el7.x86_64                          22/23   
    Cleanup    : libxml2-2.9.1-5.el7_1.2.x86_64                             23/23   
    Verifying  : pe-orchestration-services-0.3.1-1.el7.noarch                1/23   
    Verifying  : libjpeg-turbo-1.2.90-5.el7.x86_64                           2/23   
    Verifying  : mailcap-2.1.41-2.el7.noarch                                 3/23   
    Verifying  : pe-java-1.8.0.71-1.b15.pe.el7.x86_64                        4/23   
    Verifying  : pciutils-3.2.1-4.el7.x86_64                                 5/23   
    Verifying  : pe-postgresql-server-9.4.5-2.pe.el7.x86_64                  6/23   
    Verifying  : pe-client-tools-1.0.1-1.el7.x86_64                          7/23   
    Verifying  : pe-console-services-1.2.110-1.el7.noarch                    8/23   
    Verifying  : pe-console-services-termini-1.2.110-1.el7.noarch            9/23   
    Verifying  : pe-puppetdb-termini-3.2.3-1.el7.noarch                     10/23   
    Verifying  : pe-puppetdb-3.2.3-1.el7.noarch                             11/23   
    Verifying  : pe-r10k-2.1.1.0-1.el7.x86_64                               12/23   
    Verifying  : libxslt-1.1.28-5.el7.x86_64                                13/23   
    Verifying  : pe-postgresql-9.4.5-2.pe.el7.x86_64                        14/23   
    Verifying  : pe-puppet-license-cli-0.1.7.20-1.pe.el7.noarch             15/23   
    Verifying  : pe-puppet-enterprise-release-2015.3.2.0-1.pe.el7.noarch    16/23   
    Verifying  : pe-nginx-1.8.0-9.pe.el7.x86_64                             17/23   
    Verifying  : pe-postgresql-contrib-9.4.5-2.pe.el7.x86_64                18/23   
    Verifying  : libxml2-2.9.1-6.el7_2.2.x86_64                             19/23   
    Verifying  : pe-puppetserver-2.2.40-1.el7.noarch                        20/23   
    Verifying  : pe-license-0.1.5.7-1.pe.el7.noarch                         21/23   
    Verifying  : puppet-agent-1.3.5-1.el7.x86_64                            22/23   
    Verifying  : libxml2-2.9.1-5.el7_1.2.x86_64                             23/23   
  
  Installed:
    libjpeg-turbo.x86_64 0:1.2.90-5.el7                                           
    libxslt.x86_64 0:1.1.28-5.el7                                                 
    mailcap.noarch 0:2.1.41-2.el7                                                 
    pciutils.x86_64 0:3.2.1-4.el7                                                 
    pe-client-tools.x86_64 0:1.0.1-1.el7                                          
    pe-console-services.noarch 0:1.2.110-1.el7                                    
    pe-console-services-termini.noarch 0:1.2.110-1.el7                            
    pe-java.x86_64 0:1.8.0.71-1.b15.pe.el7                                        
    pe-license.noarch 0:0.1.5.7-1.pe.el7                                          
    pe-nginx.x86_64 0:1.8.0-9.pe.el7                                              
    pe-orchestration-services.noarch 0:0.3.1-1.el7                                
    pe-postgresql.x86_64 0:9.4.5-2.pe.el7                                         
    pe-postgresql-contrib.x86_64 0:9.4.5-2.pe.el7                                 
    pe-postgresql-server.x86_64 0:9.4.5-2.pe.el7                                  
    pe-puppet-enterprise-release.noarch 0:2015.3.2.0-1.pe.el7                     
    pe-puppet-license-cli.noarch 0:0.1.7.20-1.pe.el7                              
    pe-puppetdb.noarch 0:3.2.3-1.el7                                              
    pe-puppetdb-termini.noarch 0:3.2.3-1.el7                                      
    pe-puppetserver.noarch 0:2.2.40-1.el7                                         
    pe-r10k.x86_64 0:2.1.1.0-1.el7                                                
    puppet-agent.x86_64 0:1.3.5-1.el7                                             
  
  Updated:
    libxml2.x86_64 0:2.9.1-6.el7_2.2                                              
  
  Complete!
  Loaded plugins: fastestmirror
  Cleaning repos: puppet-enterprise-installer
  Cleaning up everything
  Cleaning up list of fastest mirrors
  Generating mcollective password...
  ## Setting up puppet master...
  ------------------------------------------------------------------------
  Applying the following manifest...
  NOTE: Passwords and secrets are omitted.
  class { puppet_enterprise:
    certificate_authority_host   => 'centos-72-x64-master',
    puppet_master_host           => 'centos-72-x64-master',
    console_host                 => 'centos-72-x64-master',
    puppetdb_host                => 'centos-72-x64-master',
    puppetdb_port                => '8081',
    database_host                => 'centos-72-x64-master',
    database_port                => '5432',
    mcollective_middleware_hosts => ['centos-72-x64-master'],
    pcp_broker_host              => 'centos-72-x64-master'
  }
  class { puppet_enterprise::profile::master:
      certname                => 'centos-72-x64-master',
      console_server_certname => 'centos-72-x64-master',
      classifier_host         => 'centos-72-x64-master',
  
  
  }
  
  class { puppet_enterprise::profile::certificate_authority: }
  
  class { puppet_enterprise::profile::amq::broker: }
  class { puppet_enterprise::profile::mcollective::agent: }
  class { puppet_enterprise::profile::mcollective::peadmin: }
  
  class { puppet_enterprise::profile::agent: }
  
  class { puppet_enterprise::profile::orchestrator:
    database_name => 'pe-orchestrator',
    database_user => 'Orc3Str8R',
      }
  ------------------------------------------------------------------------
  Notice: Compiled catalog for centos-72-x64-master in environment production in 2.51 seconds
  Notice: /Stage[main]/Puppet_enterprise::Profile::Master/Pe_ini_setting[puppetserver puppetconf app_management]/ensure: created
  Notice: /Stage[main]/Puppet_enterprise::Profile::Master/Pe_ini_setting[module_groups]/ensure: created
  Notice: /Stage[main]/Puppet_enterprise::Profile::Master/Pe_ini_setting[environmentpath_setting]/ensure: created
  Notice: /Stage[main]/Puppet_enterprise::Profile::Master::Classifier/Pe_ini_setting[node_terminus]/ensure: created
  Notice: /Stage[main]/Puppet_enterprise::Profile::Master::Classifier/File[/etc/puppetlabs/puppet/classifier.yaml]/ensure: defined content as '{md5}1ab917ea8b42fb59e4cf75bed95ee86b'
  Notice: /Stage[main]/Puppet_enterprise::Profile::Master::Auth_conf/File[/etc/puppetlabs/puppet/auth.conf]/content: content changed '{md5}ca30b41233c6192a18478209520dae1b' to '{md5}9afe7ef5e2b77901da2bc735b567cc0b'
  Notice: /Stage[main]/Puppet_enterprise::Profile::Master::Puppetdb/Pe_ini_subsetting[puppetdb.conf_server_urls_centos-72-x64-master]/ensure: created
  Notice: /Stage[main]/Puppet_enterprise::Profile::Master::Puppetdb/Pe_ini_setting[puppetdb.conf_include_unchanged_resources]/ensure: created
  Notice: /Stage[main]/Puppet_enterprise::Profile::Master::Puppetdb/Pe_ini_setting[puppetdb.conf_soft_write_failure]/ensure: created
  Notice: /Stage[main]/Puppet_enterprise::Profile::Master::Puppetdb/Pe_ini_setting[storeconfigs]/ensure: created
  Notice: /Stage[main]/Puppet_enterprise::Profile::Master::Puppetdb/Pe_ini_setting[storeconfigs_backend]/ensure: created
  Notice: /Stage[main]/Puppet_enterprise::Profile::Master::Puppetdb/Pe_ini_subsetting[reports_puppetdb]/ensure: created
  Notice: /Stage[main]/Puppet_enterprise::Profile::Master::Puppetdb/File[/etc/puppetlabs/puppet/routes.yaml]/ensure: defined content as '{md5}85f1d4003267907c2975c953bf12d95c'
  Notice: /Stage[main]/Puppet_enterprise::Packages/Package[pe-activemq]/ensure: created
  Notice: /Stage[main]/Puppet_enterprise::Symlinks/File[/usr/local/bin/facter]/ensure: created
  Notice: /Stage[main]/Puppet_enterprise::Symlinks/File[/usr/local/bin/puppet]/ensure: created
  Notice: /Stage[main]/Puppet_enterprise::Symlinks/File[/usr/local/bin/pe-man]/ensure: created
  Notice: /Stage[main]/Puppet_enterprise::Symlinks/File[/usr/local/bin/hiera]/ensure: created
  Notice: /Stage[main]/Puppet_enterprise::Symlinks/File[/usr/local/bin/mco]/ensure: created
  Notice: /Stage[main]/Puppet_enterprise::Symlinks/File[/usr/local/bin/r10k]/ensure: created
  Notice: /Stage[main]/Puppet_enterprise::Master::Puppetserver/File[/etc/puppetlabs/puppetserver/conf.d/webserver.conf]/owner: owner changed 'root' to 'pe-puppet'
  Notice: /Stage[main]/Puppet_enterprise::Master::Puppetserver/File[/etc/puppetlabs/puppetserver/conf.d/webserver.conf]/group: group changed 'root' to 'pe-puppet'
  Notice: /Stage[main]/Puppet_enterprise::Master::Puppetserver/File[/etc/puppetlabs/puppetserver/conf.d/webserver.conf]/mode: mode changed '0644' to '0640'
  Notice: /Stage[main]/Puppet_enterprise::Master::Puppetserver/Pe_hocon_setting[webserver.puppet-server.ssl-port]/value: value changed ['8140'] to '8140'
  Notice: /Stage[main]/Puppet_enterprise::Master::Puppetserver/Pe_hocon_setting[webserver.puppet-server.ssl-cert]/value: value changed ['/etc/puppetlabs/puppet/ssl/certs/localhost.pem'] to '/etc/puppetlabs/puppet/ssl/certs/centos-72-x64-master.pem'
  Notice: /Stage[main]/Puppet_enterprise::Master::Puppetserver/Pe_hocon_setting[webserver.puppet-server.ssl-key]/value: value changed ['/etc/puppetlabs/puppet/ssl/private_keys/localhost.pem'] to '/etc/puppetlabs/puppet/ssl/private_keys/centos-72-x64-master.pem'
  Notice: /Stage[main]/Puppet_enterprise::Master::Puppetserver/Pe_hocon_setting[webserver.puppet-server.ssl-crl-path]/ensure: created
  Notice: /Stage[main]/Puppet_enterprise::Master::Puppetserver/Pe_hocon_setting[webserver.puppet-server.static-content]/ensure: created
  Notice: /Stage[main]/Puppet_enterprise::Master::Puppetserver/File[/etc/puppetlabs/puppetserver/conf.d/web-routes.conf]/owner: owner changed 'root' to 'pe-puppet'
  Notice: /Stage[main]/Puppet_enterprise::Master::Puppetserver/File[/etc/puppetlabs/puppetserver/conf.d/web-routes.conf]/group: group changed 'root' to 'pe-puppet'
  Notice: /Stage[main]/Puppet_enterprise::Master::Puppetserver/File[/etc/puppetlabs/puppetserver/conf.d/web-routes.conf]/mode: mode changed '0644' to '0640'
  Notice: /Stage[main]/Puppet_enterprise::Master::Puppetserver/Pe_hocon_setting[web-router-service/reverse-proxy-ca-service]/ensure: created
  Notice: /Stage[main]/Puppet_enterprise::Master::Puppetserver/File[/etc/puppetlabs/puppetserver/conf.d/pe-puppet-server.conf]/owner: owner changed 'root' to 'pe-puppet'
  Notice: /Stage[main]/Puppet_enterprise::Master::Puppetserver/File[/etc/puppetlabs/puppetserver/conf.d/pe-puppet-server.conf]/group: group changed 'root' to 'pe-puppet'
  Notice: /Stage[main]/Puppet_enterprise::Master::Puppetserver/File[/etc/puppetlabs/puppetserver/conf.d/pe-puppet-server.conf]/mode: mode changed '0644' to '0640'
  Notice: /Stage[main]/Puppet_enterprise::Master::Puppetserver/Pe_hocon_setting[jruby-puppet.ruby-load-path]/value: value changed ['/opt/puppetlabs/puppet/lib/ruby/vendor_ruby'] to '/opt/puppetlabs/puppet/lib/ruby/vendor_ruby /opt/puppetlabs/puppet/cache/lib'
  Notice: /Stage[main]/Puppet_enterprise::Master::Puppetserver/Pe_hocon_setting[jruby-puppet.max-requests-per-instance]/ensure: created
  Notice: /Stage[main]/Puppet_enterprise::Master::Puppetserver/Pe_hocon_setting[jruby-puppet.use-legacy-auth-conf]/value: value changed ['true'] to 'false'
  Notice: /Stage[main]/Puppet_enterprise::Master::Puppetserver/File[/etc/puppetlabs/puppetserver/conf.d/global.conf]/owner: owner changed 'root' to 'pe-puppet'
  Notice: /Stage[main]/Puppet_enterprise::Master::Puppetserver/File[/etc/puppetlabs/puppetserver/conf.d/global.conf]/group: group changed 'root' to 'pe-puppet'
  Notice: /Stage[main]/Puppet_enterprise::Master::Puppetserver/File[/etc/puppetlabs/puppetserver/conf.d/global.conf]/mode: mode changed '0644' to '0640'
  Notice: /Stage[main]/Puppet_enterprise::Master::Puppetserver/Pe_hocon_setting[/etc/puppetlabs/puppetserver/conf.d/global.conf#global.hostname]/ensure: created
  Notice: /Stage[main]/Puppet_enterprise::Master::Puppetserver/Pe_hocon_setting[global.certs.ssl-cert]/ensure: created
  Notice: /Stage[main]/Puppet_enterprise::Master::Puppetserver/Pe_hocon_setting[global.certs.ssl-key]/ensure: created
  Notice: /Stage[main]/Puppet_enterprise::Master::Puppetserver/Pe_hocon_setting[global.certs.ssl-ca-cert]/ensure: created
  Notice: /Stage[main]/Puppet_enterprise::Master::Puppetserver/File[/etc/puppetlabs/puppetserver/conf.d/metrics.conf]/owner: owner changed 'root' to 'pe-puppet'
  Notice: /Stage[main]/Puppet_enterprise::Master::Puppetserver/File[/etc/puppetlabs/puppetserver/conf.d/metrics.conf]/group: group changed 'root' to 'pe-puppet'
  Notice: /Stage[main]/Puppet_enterprise::Master::Puppetserver/File[/etc/puppetlabs/puppetserver/conf.d/metrics.conf]/mode: mode changed '0644' to '0640'
  Notice: /Stage[main]/Puppet_enterprise::Master::Puppetserver/Pe_hocon_setting[metrics.server-id]/value: value changed ['localhost'] to 'centos-72-x64-master'
  Notice: /Stage[main]/Puppet_enterprise::Master::Puppetserver/Pe_hocon_setting[metrics.reporters.graphite.enabled]/ensure: created
  Notice: /Stage[main]/Puppet_enterprise::Master::Puppetserver/Pe_hocon_setting[metrics.reporters.graphite.host]/ensure: created
  Notice: /Stage[main]/Puppet_enterprise::Master::Puppetserver/Pe_hocon_setting[metrics.reporters.graphite.port]/ensure: created
  Notice: /Stage[main]/Puppet_enterprise::Master::Puppetserver/Pe_hocon_setting[metrics.reporters.graphite.update-interval-seconds]/ensure: created
  Notice: /Stage[main]/Puppet_enterprise::Master::Puppetserver/File[/etc/puppetlabs/puppetserver/conf.d/rbac-consumer.conf]/ensure: created
  Notice: /Stage[main]/Puppet_enterprise::Master::Puppetserver/Pe_hocon_setting[rbac-consumer.api-url]/ensure: created
  Notice: /Stage[main]/Puppet_enterprise::Master::Puppetserver/File[/etc/puppetlabs/puppetserver/conf.d/activity-consumer.conf]/ensure: created
  Notice: /Stage[main]/Puppet_enterprise::Master::Puppetserver/Pe_hocon_setting[activity-consumer.api-url]/ensure: created
  Notice: /Stage[main]/Puppet_enterprise::Master::Puppetserver/Pe_ini_setting[puppetserver initconf user]/value: value changed '"pe-puppet"' to 'pe-puppet'
  Notice: /Stage[main]/Puppet_enterprise::Master::Puppetserver/Pe_ini_setting[puppetserver initconf group]/value: value changed '"pe-puppet"' to 'pe-puppet'
  Notice: /Stage[main]/Puppet_enterprise::Master::Puppetserver/Pe_ini_setting[puppetserver initconf start_timeout]/ensure: created
  Notice: /Stage[main]/Puppet_enterprise::Master/File[/opt/puppetlabs/server/pe_build]/content: content changed '{md5}d30a914c217c1c0cc4cb9cfc3c7b95df' to '{md5}788ddeda3ff192870c08e6084607bb93'
  Notice: /Stage[main]/Puppet_enterprise::Master/File[/opt/puppetlabs/server/pe_build]/owner: owner changed 'root' to 'pe-puppet'
  Notice: /Stage[main]/Puppet_enterprise::Master/File[/opt/puppetlabs/server/pe_build]/group: group changed 'root' to 'pe-puppet'
  Notice: /Stage[main]/Puppet_enterprise::Master/Pe_ini_setting[puppetserver puppetconf certname]/ensure: created
  Notice: /Stage[main]/Puppet_enterprise::Master/Pe_ini_setting[puppetserver puppetconf always_cache_features]/ensure: created
  Notice: /Stage[main]/Puppet_enterprise::Profile::Master/File[/opt/puppetlabs/server/share/puppet_enterprise]/ensure: created
  Notice: /Stage[main]/Puppet_enterprise::Profile::Master/Exec[Ensure public dir /opt/puppetlabs/server/data/packages/public]/returns: executed successfully
  Notice: /Stage[main]/Puppet_enterprise::Master::File_sync/File[/etc/puppetlabs/puppetserver/conf.d/file-sync.conf]/owner: owner changed 'root' to 'pe-puppet'
  Notice: /Stage[main]/Puppet_enterprise::Master::File_sync/File[/etc/puppetlabs/puppetserver/conf.d/file-sync.conf]/group: group changed 'root' to 'pe-puppet'
  Notice: /Stage[main]/Puppet_enterprise::Master::File_sync/File[/etc/puppetlabs/puppetserver/conf.d/file-sync.conf]/mode: mode changed '0644' to '0640'
  Notice: /Stage[main]/Puppet_enterprise::Master::File_sync/Pe_hocon_setting[file-sync.client.server-api-url]/value: value changed ['https://localhost:8140/file-sync/v1'] to 'https://centos-72-x64-master:8140/file-sync/v1'
  Notice: /Stage[main]/Puppet_enterprise::Master::File_sync/Pe_hocon_setting[file-sync.client.server-repo-url]/value: value changed ['https://localhost:8140/file-sync-git'] to 'https://centos-72-x64-master:8140/file-sync-git'
  Notice: /Stage[main]/Puppet_enterprise::Master::File_sync/Pe_hocon_setting[file-sync.client.ssl-cert]/value: value changed ['/etc/puppetlabs/puppet/ssl/certs/localhost.pem'] to '/etc/puppetlabs/puppet/ssl/certs/centos-72-x64-master.pem'
  Notice: /Stage[main]/Puppet_enterprise::Master::File_sync/Pe_hocon_setting[file-sync.client.ssl-key]/value: value changed ['/etc/puppetlabs/puppet/ssl/private_keys/localhost.pem'] to '/etc/puppetlabs/puppet/ssl/private_keys/centos-72-x64-master.pem'
  Notice: /Stage[main]/Puppet_enterprise::Master::File_sync/Pe_hocon_setting[file-sync.client.enable-forceful-sync]/ensure: created
  Notice: /Stage[main]/Puppet_enterprise::Master::File_sync/Pe_hocon_setting[file-sync.preserve-deleted-submodules]/ensure: created
  Notice: /Stage[main]/Puppet_enterprise::Master::File_sync/Pe_hocon_setting[pe-puppetserver.enable-file-sync-locking]/ensure: created
  Notice: /Stage[main]/Puppet_enterprise::Master::File_sync/File[/etc/puppetlabs/code]/mode: mode changed '0755' to '0750'
  Notice: /Stage[main]/Puppet_enterprise::Master::File_sync/File[/etc/puppetlabs/code-staging]/ensure: created
  Notice: /Stage[main]/Puppet_enterprise::Amq::Config/File[/etc/puppetlabs/activemq/activemq.xml]/group: group changed 'root' to 'pe-activemq'
  Notice: /Stage[main]/Puppet_enterprise::Amq::Config/File[/etc/puppetlabs/activemq/activemq.xml]/mode: mode changed '0755' to '0640'
  Notice: /Stage[main]/Puppet_enterprise::Profile::Amq::Broker/File[/etc/sysconfig/pe-activemq]/content: content changed '{md5}acb5a7fbc5e6e9e2c75897e08ddfb334' to '{md5}6a930c4717ce73fd311ddc1e35e56f20'
  Notice: /Stage[main]/Puppet_enterprise::Amq::Certs/Pe_java_ks[puppetca:truststore]/ensure: created
  Notice: /Stage[main]/Puppet_enterprise::Amq::Certs/Pe_java_ks[centos-72-x64-master:keystore]/ensure: created
  Notice: /Stage[main]/Puppet_enterprise::Amq::Certs/File[/etc/puppetlabs/activemq/broker.ts]/group: group changed 'root' to 'pe-activemq'
  Notice: /Stage[main]/Puppet_enterprise::Amq::Certs/File[/etc/puppetlabs/activemq/broker.ts]/mode: mode changed '0644' to '0640'
  Notice: /Stage[main]/Puppet_enterprise::Amq::Certs/File[/etc/puppetlabs/activemq/broker.ks]/group: group changed 'root' to 'pe-activemq'
  Notice: /Stage[main]/Puppet_enterprise::Amq::Certs/File[/etc/puppetlabs/activemq/broker.ks]/mode: mode changed '0644' to '0640'
  Notice: /Stage[main]/Puppet_enterprise::Mcollective::Server::Plugins/File[/opt/puppetlabs/mcollective/plugins/mcollective]/ensure: created
  Notice: /Stage[main]/Puppet_enterprise::Mcollective::Server::Plugins/File[/opt/puppetlabs/mcollective/plugins/mcollective/agent]/ensure: created
  Notice: /Stage[main]/Puppet_enterprise::Mcollective::Server::Plugins/File[/opt/puppetlabs/mcollective/plugins/mcollective/agent/package.ddl]/ensure: defined content as '{md5}ae1d49824b9b84d1a8f617c317147bea'
  Notice: /Stage[main]/Puppet_enterprise::Mcollective::Server::Plugins/File[/opt/puppetlabs/mcollective/plugins/mcollective/agent/package.rb]/ensure: defined content as '{md5}60d4b37d3844fc379a99d2b17a243620'
  Notice: /Stage[main]/Puppet_enterprise::Mcollective::Server::Plugins/File[/opt/puppetlabs/mcollective/plugins/mcollective/agent/puppet.ddl]/ensure: defined content as '{md5}05d975cbc1eb09af4522462a4afd55fa'
  Notice: /Stage[main]/Puppet_enterprise::Mcollective::Server::Plugins/File[/opt/puppetlabs/mcollective/plugins/mcollective/agent/puppet.rb]/ensure: defined content as '{md5}eb38cadaf62e34387d10783df4754cb2'
  Notice: /Stage[main]/Puppet_enterprise::Mcollective::Server::Plugins/File[/opt/puppetlabs/mcollective/plugins/mcollective/agent/puppetral.ddl]/ensure: defined content as '{md5}7f06f13953847e60818a681c1f2f168b'
  Notice: /Stage[main]/Puppet_enterprise::Mcollective::Server::Plugins/File[/opt/puppetlabs/mcollective/plugins/mcollective/agent/puppetral.rb]/ensure: defined content as '{md5}686272ee73d966e3f1d3482d7d7b61a8'
  Notice: /Stage[main]/Puppet_enterprise::Mcollective::Server::Plugins/File[/opt/puppetlabs/mcollective/plugins/mcollective/agent/service.ddl]/ensure: defined content as '{md5}3471e24142773d1bb7769c250e6b63d3'
  Notice: /Stage[main]/Puppet_enterprise::Mcollective::Server::Plugins/File[/opt/puppetlabs/mcollective/plugins/mcollective/agent/service.rb]/ensure: defined content as '{md5}cbf84ed615eeda9789650b05ec504566'
  Notice: /Stage[main]/Puppet_enterprise::Mcollective::Server::Plugins/File[/opt/puppetlabs/mcollective/plugins/mcollective/aggregate]/ensure: created
  Notice: /Stage[main]/Puppet_enterprise::Mcollective::Server::Plugins/File[/opt/puppetlabs/mcollective/plugins/mcollective/aggregate/boolean_summary.ddl]/ensure: defined content as '{md5}aa581c71a6c7658bffdbaec81590f65d'
  Notice: /Stage[main]/Puppet_enterprise::Mcollective::Server::Plugins/File[/opt/puppetlabs/mcollective/plugins/mcollective/aggregate/boolean_summary.rb]/ensure: defined content as '{md5}0546063313508d8aff603be320af3c44'
  Notice: /Stage[main]/Puppet_enterprise::Mcollective::Server::Plugins/File[/opt/puppetlabs/mcollective/plugins/mcollective/application]/ensure: created
  Notice: /Stage[main]/Puppet_enterprise::Mcollective::Server::Plugins/File[/opt/puppetlabs/mcollective/plugins/mcollective/application/package.rb]/ensure: defined content as '{md5}4e6571cdac3f6aa322c9f195693e1dbe'
  Notice: /Stage[main]/Puppet_enterprise::Mcollective::Server::Plugins/File[/opt/puppetlabs/mcollective/plugins/mcollective/application/puppet.rb]/ensure: defined content as '{md5}13731d27f1276cdd3314f7fa30aa5eb1'
  Notice: /Stage[main]/Puppet_enterprise::Mcollective::Server::Plugins/File[/opt/puppetlabs/mcollective/plugins/mcollective/application/service.rb]/ensure: defined content as '{md5}c95359f947af5f0d904fa3df80cb9820'
  Notice: /Stage[main]/Puppet_enterprise::Mcollective::Server::Plugins/File[/opt/puppetlabs/mcollective/plugins/mcollective/data]/ensure: created
  Notice: /Stage[main]/Puppet_enterprise::Mcollective::Server::Plugins/File[/opt/puppetlabs/mcollective/plugins/mcollective/data/puppet_data.ddl]/ensure: defined content as '{md5}5c9912bf5ae5dbc8762109a40c027c63'
  Notice: /Stage[main]/Puppet_enterprise::Mcollective::Server::Plugins/File[/opt/puppetlabs/mcollective/plugins/mcollective/data/puppet_data.rb]/ensure: defined content as '{md5}606e87cd509addf22dd8e93d503d8262'
  Notice: /Stage[main]/Puppet_enterprise::Mcollective::Server::Plugins/File[/opt/puppetlabs/mcollective/plugins/mcollective/data/resource_data.ddl]/ensure: defined content as '{md5}c4e3a46fd3c0b5d3990db0b8af1c747f'
  Notice: /Stage[main]/Puppet_enterprise::Mcollective::Server::Plugins/File[/opt/puppetlabs/mcollective/plugins/mcollective/data/resource_data.rb]/ensure: defined content as '{md5}49be769fb403191af41f1b89697ce4cc'
  Notice: /Stage[main]/Puppet_enterprise::Mcollective::Server::Plugins/File[/opt/puppetlabs/mcollective/plugins/mcollective/data/service_data.ddl]/ensure: defined content as '{md5}e7f7e0bc65ede56fc636505a400b1700'
  Notice: /Stage[main]/Puppet_enterprise::Mcollective::Server::Plugins/File[/opt/puppetlabs/mcollective/plugins/mcollective/data/service_data.rb]/ensure: defined content as '{md5}bc651898c7dcd373d609c933fbd6021f'
  Notice: /Stage[main]/Puppet_enterprise::Mcollective::Server::Plugins/File[/opt/puppetlabs/mcollective/plugins/mcollective/mco_plugin_versions]/ensure: defined content as '{md5}dc84f62ea4cd9253242d09dfb355220d'
  Notice: /Stage[main]/Puppet_enterprise::Mcollective::Server::Plugins/File[/opt/puppetlabs/mcollective/plugins/mcollective/registration]/ensure: created
  Notice: /Stage[main]/Puppet_enterprise::Mcollective::Server::Plugins/File[/opt/puppetlabs/mcollective/plugins/mcollective/registration/meta.rb]/ensure: defined content as '{md5}e939958bbbc0817e1779c336037e1849'
  Notice: /Stage[main]/Puppet_enterprise::Mcollective::Server::Plugins/File[/opt/puppetlabs/mcollective/plugins/mcollective/security]/ensure: created
  Notice: /Stage[main]/Puppet_enterprise::Mcollective::Server::Plugins/File[/opt/puppetlabs/mcollective/plugins/mcollective/security/sshkey.ddl]/ensure: defined content as '{md5}e92b26732d03496fb61ad3a1ed623f56'
  Notice: /Stage[main]/Puppet_enterprise::Mcollective::Server::Plugins/File[/opt/puppetlabs/mcollective/plugins/mcollective/security/sshkey.rb]/ensure: defined content as '{md5}c3933bda744b78dd857f20aa5b61f75b'
  Notice: /Stage[main]/Puppet_enterprise::Mcollective::Server::Plugins/File[/opt/puppetlabs/mcollective/plugins/mcollective/util]/ensure: created
  Notice: /Stage[main]/Puppet_enterprise::Mcollective::Server::Plugins/File[/opt/puppetlabs/mcollective/plugins/mcollective/util/actionpolicy.rb]/ensure: defined content as '{md5}e4d6a7024ad7b28e019e7b9931eac027'
  Notice: /Stage[main]/Puppet_enterprise::Mcollective::Server::Plugins/File[/opt/puppetlabs/mcollective/plugins/mcollective/util/package]/ensure: created
  Notice: /Stage[main]/Puppet_enterprise::Mcollective::Server::Plugins/File[/opt/puppetlabs/mcollective/plugins/mcollective/util/package/base.rb]/ensure: defined content as '{md5}1bdb7e7a6dcfea6fd2a06c5dc39b7276'
  Notice: /Stage[main]/Puppet_enterprise::Mcollective::Server::Plugins/File[/opt/puppetlabs/mcollective/plugins/mcollective/util/package/packagehelpers.rb]/ensure: defined content as '{md5}312aecc3b1ee75f97a989fea3e7a221d'
  Notice: /Stage[main]/Puppet_enterprise::Mcollective::Server::Plugins/File[/opt/puppetlabs/mcollective/plugins/mcollective/util/package/puppetpackage.rb]/ensure: defined content as '{md5}865eec36ae05c30b072d3f5bd871fb52'
  Notice: /Stage[main]/Puppet_enterprise::Mcollective::Server::Plugins/File[/opt/puppetlabs/mcollective/plugins/mcollective/util/package/yumHelper.py]/ensure: defined content as '{md5}40fa99ef10b84c38517f6b695a0af533'
  Notice: /Stage[main]/Puppet_enterprise::Mcollective::Server::Plugins/File[/opt/puppetlabs/mcollective/plugins/mcollective/util/package/yumpackage.rb]/ensure: defined content as '{md5}256bde1567d8794ca929092462f5ae03'
  Notice: /Stage[main]/Puppet_enterprise::Mcollective::Server::Plugins/File[/opt/puppetlabs/mcollective/plugins/mcollective/util/puppet_agent_mgr]/ensure: created
  Notice: /Stage[main]/Puppet_enterprise::Mcollective::Server::Plugins/File[/opt/puppetlabs/mcollective/plugins/mcollective/util/puppet_agent_mgr.rb]/ensure: defined content as '{md5}8b80e880a2035fb1b9167106087ff049'
  Notice: /Stage[main]/Puppet_enterprise::Mcollective::Server::Plugins/File[/opt/puppetlabs/mcollective/plugins/mcollective/util/puppet_agent_mgr/mgr_v2.rb]/ensure: defined content as '{md5}9a00171022ddb12d0a463e9cefeba481'
  Notice: /Stage[main]/Puppet_enterprise::Mcollective::Server::Plugins/File[/opt/puppetlabs/mcollective/plugins/mcollective/util/puppet_agent_mgr/mgr_v3.rb]/ensure: defined content as '{md5}b5cb1a9b7311fc3769a3ccaabadeb694'
  Notice: /Stage[main]/Puppet_enterprise::Mcollective::Server::Plugins/File[/opt/puppetlabs/mcollective/plugins/mcollective/util/puppet_agent_mgr/mgr_windows.rb]/ensure: defined content as '{md5}79a6cf3dac0177f6b9c22d5085324676'
  Notice: /Stage[main]/Puppet_enterprise::Mcollective::Server::Plugins/File[/opt/puppetlabs/mcollective/plugins/mcollective/util/puppet_server_address_validation.rb]/ensure: defined content as '{md5}1c78390e33e71773e121a902ae91bfd4'
  Notice: /Stage[main]/Puppet_enterprise::Mcollective::Server::Plugins/File[/opt/puppetlabs/mcollective/plugins/mcollective/util/puppetrunner.rb]/ensure: defined content as '{md5}a4fade81457455fbca9370249defbdf1'
  Notice: /Stage[main]/Puppet_enterprise::Mcollective::Server::Plugins/File[/opt/puppetlabs/mcollective/plugins/mcollective/util/service]/ensure: created
  Notice: /Stage[main]/Puppet_enterprise::Mcollective::Server::Plugins/File[/opt/puppetlabs/mcollective/plugins/mcollective/util/service/base.rb]/ensure: defined content as '{md5}abea7b8fadbf3425a7b68b49b9435ff6'
  Notice: /Stage[main]/Puppet_enterprise::Mcollective::Server::Plugins/File[/opt/puppetlabs/mcollective/plugins/mcollective/util/service/puppetservice.rb]/ensure: defined content as '{md5}905db93e1c06ad5a7154fa2f9199f31c'
  Notice: /Stage[main]/Puppet_enterprise::Mcollective::Server::Plugins/File[/opt/puppetlabs/mcollective/plugins/mcollective/validator]/ensure: created
  Notice: /Stage[main]/Puppet_enterprise::Mcollective::Server::Plugins/File[/opt/puppetlabs/mcollective/plugins/mcollective/validator/puppet_resource_validator.ddl]/ensure: defined content as '{md5}3e45a28e1ba6c8d22ce40934c04b30b4'
  Notice: /Stage[main]/Puppet_enterprise::Mcollective::Server::Plugins/File[/opt/puppetlabs/mcollective/plugins/mcollective/validator/puppet_resource_validator.rb]/ensure: defined content as '{md5}567c7dc4d70ed0db7fd2626c77f6df41'
  Notice: /Stage[main]/Puppet_enterprise::Mcollective::Server::Plugins/File[/opt/puppetlabs/mcollective/plugins/mcollective/validator/puppet_server_address_validator.ddl]/ensure: defined content as '{md5}323e0b9647639fdf32cfbc63a82860f7'
  Notice: /Stage[main]/Puppet_enterprise::Mcollective::Server::Plugins/File[/opt/puppetlabs/mcollective/plugins/mcollective/validator/puppet_server_address_validator.rb]/ensure: defined content as '{md5}e84a56187809c5181b78b2819ee149fe'
  Notice: /Stage[main]/Puppet_enterprise::Mcollective::Server::Plugins/File[/opt/puppetlabs/mcollective/plugins/mcollective/validator/puppet_tags_validator.ddl]/ensure: defined content as '{md5}7ed95b2e5b210db83d12d5034f1ecb0f'
  Notice: /Stage[main]/Puppet_enterprise::Mcollective::Server::Plugins/File[/opt/puppetlabs/mcollective/plugins/mcollective/validator/puppet_tags_validator.rb]/ensure: defined content as '{md5}40b29498e867ba2ecf21dc08bc457d4e'
  Notice: /Stage[main]/Puppet_enterprise::Mcollective::Server::Plugins/File[/opt/puppetlabs/mcollective/plugins/mcollective/validator/puppet_variable_validator.ddl]/ensure: defined content as '{md5}58c9db4ca4503e4d692a016743e01627'
  Notice: /Stage[main]/Puppet_enterprise::Mcollective::Server::Plugins/File[/opt/puppetlabs/mcollective/plugins/mcollective/validator/puppet_variable_validator.rb]/ensure: defined content as '{md5}3cbca3af2e5884f2a807ef005a87151b'
  Notice: /Stage[main]/Puppet_enterprise::Mcollective::Server::Plugins/File[/opt/puppetlabs/mcollective/plugins/mcollective/validator/service_name.ddl]/ensure: defined content as '{md5}2812afa15108103042f706c2201e286b'
  Notice: /Stage[main]/Puppet_enterprise::Mcollective::Server::Plugins/File[/opt/puppetlabs/mcollective/plugins/mcollective/validator/service_name.rb]/ensure: defined content as '{md5}3f501a9ed252ce2dfe06a2e1e53845ab'
  Notice: /Stage[main]/Puppet_enterprise::Mcollective::Server::Logs/File[/var/log/puppetlabs/mcollective.log]/ensure: created
  Notice: /Stage[main]/Puppet_enterprise::Mcollective::Server::Logs/File[/var/log/puppetlabs/mcollective-audit.log]/ensure: created
  Notice: /Stage[main]/Puppet_enterprise::Mcollective::Server::Certs/File[/etc/puppetlabs/mcollective/ssl]/ensure: created
  Notice: /Stage[main]/Puppet_enterprise::Mcollective::Server::Certs/File[/etc/puppetlabs/mcollective/ssl/clients]/ensure: created
  Notice: /Stage[main]/Puppet_enterprise::Mcollective::Server::Certs/File[/etc/puppetlabs/mcollective/ssl/ca.cert.pem]/ensure: defined content as '{md5}7819d903d508dc28782a58a7d7f6f2e5'
  Notice: /Stage[main]/Puppet_enterprise::Mcollective::Server::Certs/File[/etc/puppetlabs/mcollective/ssl/centos-72-x64-master.cert.pem]/ensure: defined content as '{md5}e27a2082a2041b6841c7de95934ec434'
  Notice: /Stage[main]/Puppet_enterprise::Mcollective::Server::Certs/File[/etc/puppetlabs/mcollective/ssl/centos-72-x64-master.private_key.pem]/ensure: defined content as '{md5}b71cc65c09158f45d9d8c297be5009d1'
  Notice: /Stage[main]/Puppet_enterprise::Mcollective::Server::Certs/File[/etc/puppetlabs/mcollective/ssl/mcollective-private.pem]/ensure: defined content as '{md5}a19567edd47bcad98f9fe2017b6569be'
  Notice: /Stage[main]/Puppet_enterprise::Mcollective::Server::Certs/File[/etc/puppetlabs/mcollective/ssl/mcollective-public.pem]/ensure: defined content as '{md5}48a364c853d552fa52c08a2d23befd66'
  Notice: /Stage[main]/Puppet_enterprise::Mcollective::Server::Certs/File[/etc/puppetlabs/mcollective/ssl/clients/puppet-dashboard-public.pem]/ensure: defined content as '{md5}99d896aef2260d0232fa24b281e93bd6'
  Notice: /Stage[main]/Puppet_enterprise::Mcollective::Server::Certs/File[/etc/puppetlabs/mcollective/ssl/clients/peadmin-public.pem]/ensure: defined content as '{md5}918023e508a24c047290c36f1e23a164'
  Notice: /Stage[main]/Puppet_enterprise::Mcollective::Server::Facter/File[/opt/puppetlabs/puppet/bin/refresh-mcollective-metadata]/ensure: defined content as '{md5}42bbd7fe0fd5d10cbfa6b92a90f7592b'
  Notice: /Stage[main]/Puppet_enterprise::Mcollective::Server::Facter/Cron[pe-mcollective-metadata]/ensure: created
  Notice: /Stage[main]/Puppet_enterprise::Mcollective::Server/File[/etc/puppetlabs/mcollective/server.cfg]/content: content changed '{md5}73e68cfd79153a49de6f5721ab60657b' to '{md5}2f98fab3866290e906cbcca963e409fd'
  Notice: /Stage[main]/Puppet_enterprise::Mcollective::Server/File[/etc/puppetlabs/mcollective/server.cfg]/mode: mode changed '0644' to '0660'
  Notice: /Stage[main]/Puppet_enterprise::Mcollective::Service/Service[mcollective]/ensure: ensure changed 'stopped' to 'running'
  Notice: /Stage[main]/Puppet_enterprise::Pxp_agent/File[/etc/puppetlabs/pxp-agent/pxp-agent.conf]/ensure: defined content as '{md5}8d56337cfd2a016a9a212a6f000090d8'
  Notice: /Stage[main]/Puppet_enterprise::Pxp_agent::Service/Service[pxp-agent]/ensure: ensure changed 'stopped' to 'running'
  Notice: /Stage[main]/Puppet_enterprise::Profile::Orchestrator/File[/etc/puppetlabs/orchestration-services/conf.d/webserver.conf]/owner: owner changed 'root' to 'pe-orchestration-services'
  Notice: /Stage[main]/Puppet_enterprise::Profile::Orchestrator/File[/etc/puppetlabs/orchestration-services/conf.d/webserver.conf]/group: group changed 'root' to 'pe-orchestration-services'
  Notice: /Stage[main]/Puppet_enterprise::Profile::Orchestrator/File[/etc/puppetlabs/orchestration-services/conf.d/webserver.conf]/mode: mode changed '0644' to '0640'
  Notice: /Stage[main]/Puppet_enterprise::Profile::Orchestrator/Pe_hocon_setting[orchestration-services.webserver.pcp-broker.ssl-ca-cert]/value: value changed ['/opt/puppetlabs/server/data/orchestration-services/certs/orchestration-services.localhost.ca_cert.pem'] to '/etc/puppetlabs/puppet/ssl/certs/ca.pem'
  Notice: /Stage[main]/Puppet_enterprise::Profile::Orchestrator/Pe_hocon_setting[orchestration-services.webserver.pcp-broker.ssl-cert]/value: value changed ['/opt/puppetlabs/server/data/orchestration-services/certs/orchestration-services.localhost.cert.pem'] to '/etc/puppetlabs/orchestration-services/ssl/centos-72-x64-master.cert.pem'
  Notice: /Stage[main]/Puppet_enterprise::Profile::Orchestrator/Pe_hocon_setting[orchestration-services.webserver.pcp-broker.ssl-key]/value: value changed ['/opt/puppetlabs/server/data/orchestration-services/certs/orchestration-services.localhost.private_key.pem'] to '/etc/puppetlabs/orchestration-services/ssl/centos-72-x64-master.private_key.pem'
  Notice: /Stage[main]/Puppet_enterprise::Profile::Orchestrator/Pe_hocon_setting[orchestration-services.webserver.pcp-broker.ssl-crl-path]/value: value changed ['/opt/puppetlabs/server/data/orchestration-services/certs/orchestration-services.localhost.ca_crl.pem'] to '/etc/puppetlabs/puppet/ssl/crl.pem'
  Notice: /Stage[main]/Puppet_enterprise::Profile::Orchestrator/Pe_hocon_setting[orchestration-services.webserver.orchestrator]/ensure: removed
  Notice: /Stage[main]/Puppet_enterprise::Profile::Orchestrator/Pe_hocon_setting[orchestration-services.web-router-service.orchestrator-service]/ensure: removed
  Notice: /Stage[main]/Puppet_enterprise::Profile::Orchestrator/File[/etc/puppetlabs/orchestration-services/ssl]/ensure: created
  Notice: /Stage[main]/Puppet_enterprise::Master::Puppetserver/Pe_puppet_authorization::Rule[puppetlabs environment cache]/Pe_puppet_authorization_hocon_rule[rule-puppetlabs environment cache]/ensure: created
  Notice: /Stage[main]/Puppet_enterprise::Master::Puppetserver/Pe_puppet_authorization::Rule[puppetlabs jruby pool]/Pe_puppet_authorization_hocon_rule[rule-puppetlabs jruby pool]/ensure: created
  Notice: /Stage[main]/Puppet_enterprise::Master::Puppetserver/Puppet_enterprise::Trapperkeeper::Java_args[puppetserver]/Pe_ini_subsetting[pe-puppetserver_'Xmx']/value: value changed '2g' to '512m'
  Notice: /Stage[main]/Puppet_enterprise::Master::Puppetserver/Puppet_enterprise::Trapperkeeper::Java_args[puppetserver]/Pe_ini_subsetting[pe-puppetserver_'Xms']/value: value changed '2g' to '512m'
  Notice: /Stage[main]/Puppet_enterprise::Profile::Master/Puppet_enterprise::Fileserver_conf[pe_packages]/Augeas[fileserver.conf pe_packages]/returns: executed successfully
  Notice: /Stage[main]/Puppet_enterprise::Master::File_sync/Pe_puppet_authorization::Rule[puppetlabs file sync api]/Pe_puppet_authorization_hocon_rule[rule-puppetlabs file sync api]/ensure: created
  Notice: /Stage[main]/Puppet_enterprise::Master::File_sync/Pe_puppet_authorization::Rule[puppetlabs file sync repo]/Pe_puppet_authorization_hocon_rule[rule-puppetlabs file sync repo]/ensure: created
  Notice: /Stage[main]/Puppet_enterprise::Profile::Certificate_authority/Pe_puppet_authorization::Rule[puppetlabs certificate status]/Pe_puppet_authorization_hocon_rule[rule-puppetlabs certificate status]/ensure: created
  Notice: /Stage[main]/Puppet_enterprise::Profile::Certificate_authority/Puppet_enterprise::Fileserver_conf[pe_modules]/Augeas[fileserver.conf pe_modules]/returns: executed successfully
  Notice: /Stage[main]/Puppet_enterprise::Profile::Master/File[/opt/puppetlabs/server/share/puppet_enterprise/pe_modules]/ensure: created
  Notice: /Stage[main]/Puppet_enterprise::Profile::Master/File[/opt/puppetlabs/server/share/puppet_enterprise/pe_modules/install_modules.txt]/ensure: defined content as '{md5}5989d58f35cb7473f12236f8da50f74c'
  Notice: /Stage[main]/Puppet_enterprise::Profile::Master/File[/opt/puppetlabs/server/share/puppet_enterprise/pe_modules/puppetlabs-pe_accounts-2.0.2-6-gd2f698c.tar.gz]/ensure: defined content as '{md5}c3c2553cee99eae2ff0b600be8aeea60'
  Notice: /Stage[main]/Puppet_enterprise::Profile::Master/File[/opt/puppetlabs/server/share/puppet_enterprise/pe_modules/puppetlabs-pe_concat-1.1.2-7-g77ec55b.tar.gz]/ensure: defined content as '{md5}afda3cb036181703efb3c17f2f3701a5'
  Notice: /Stage[main]/Puppet_enterprise::Profile::Master/File[/opt/puppetlabs/server/share/puppet_enterprise/pe_modules/puppetlabs-pe_console_prune-0.1.1-9-gfc256c0.tar.gz]/ensure: defined content as '{md5}63338cd0b44b0539c9cb82a91c60bd96'
  Notice: /Stage[main]/Puppet_enterprise::Profile::Master/File[/opt/puppetlabs/server/share/puppet_enterprise/pe_modules/puppetlabs-pe_hocon-2015.3.0.tar.gz]/ensure: defined content as '{md5}407dead78fff2177c1d50425a5019a78'
  Notice: /Stage[main]/Puppet_enterprise::Profile::Master/File[/opt/puppetlabs/server/share/puppet_enterprise/pe_modules/puppetlabs-pe_inifile-1.1.4-16-gcb39966.tar.gz]/ensure: defined content as '{md5}820fe5af207fff7816ac906a2d64a7cf'
  Notice: /Stage[main]/Puppet_enterprise::Profile::Master/File[/opt/puppetlabs/server/share/puppet_enterprise/pe_modules/puppetlabs-pe_java_ks-1.2.4-37-g2d86015.tar.gz]/ensure: defined content as '{md5}000cbab6af4ef88b0c2a2ae96bca7cdd'
  Notice: /Stage[main]/Puppet_enterprise::Profile::Master/File[/opt/puppetlabs/server/share/puppet_enterprise/pe_modules/puppetlabs-pe_nginx-2015.2.0-rc0.tar.gz]/ensure: defined content as '{md5}ce6be9f98dc1fb6f756c2b3bb037609b'
  Notice: /Stage[main]/Puppet_enterprise::Profile::Master/File[/opt/puppetlabs/server/share/puppet_enterprise/pe_modules/puppetlabs-pe_postgresql-2015.3.0.tar.gz]/ensure: defined content as '{md5}9f829a93ded667017269504a3915476f'
  Notice: /Stage[main]/Puppet_enterprise::Profile::Master/File[/opt/puppetlabs/server/share/puppet_enterprise/pe_modules/puppetlabs-pe_puppet_authorization-2015.3.0.tar.gz]/ensure: defined content as '{md5}5cf871898248fb852d33bbe0c0c65d85'
  Notice: /Stage[main]/Puppet_enterprise::Profile::Master/File[/opt/puppetlabs/server/share/puppet_enterprise/pe_modules/puppetlabs-pe_puppetdbquery-2015.3.0.tar.gz]/ensure: defined content as '{md5}ff5c469dff077f98ea569c5729258b43'
  Notice: /Stage[main]/Puppet_enterprise::Profile::Master/File[/opt/puppetlabs/server/share/puppet_enterprise/pe_modules/puppetlabs-pe_r10k-2015.3.0.tar.gz]/ensure: defined content as '{md5}54d114d2e6bb2a45b6a397c9efdb3542'
  Notice: /Stage[main]/Puppet_enterprise::Profile::Master/File[/opt/puppetlabs/server/share/puppet_enterprise/pe_modules/puppetlabs-pe_razor-0.2.1-84-gbb045d2.tar.gz]/ensure: defined content as '{md5}b5232210a3fe56e7dc6252dc2535f1f2'
  Notice: /Stage[main]/Puppet_enterprise::Profile::Master/File[/opt/puppetlabs/server/share/puppet_enterprise/pe_modules/puppetlabs-pe_repo-2015.3.3-4-gcf7f1ac.tar.gz]/ensure: defined content as '{md5}22e0498e0fe736bde310d498937e1e50'
  Notice: /Stage[main]/Puppet_enterprise::Profile::Master/File[/opt/puppetlabs/server/share/puppet_enterprise/pe_modules/puppetlabs-pe_staging-2015.3.0.tar.gz]/ensure: defined content as '{md5}3cb21d9aa51327c0eaabb643162a1dc5'
  Notice: /Stage[main]/Puppet_enterprise::Profile::Master/File[/opt/puppetlabs/server/share/puppet_enterprise/pe_modules/puppetlabs-puppet_enterprise-2015.3.2.tar.gz]/ensure: defined content as '{md5}db83df9aefdae71ae1e7a73308651b4f'
  Notice: /Stage[main]/Puppet_enterprise::Profile::Master/File[/opt/puppetlabs/server/share/puppet_enterprise/pe_modules/whitelist_modules.txt]/ensure: defined content as '{md5}f7338c6b96340b8a3fa811d52222ab48'
  Notice: /Stage[main]/Puppet_enterprise::Profile::Master/File[/opt/puppetlabs/server/share/puppet_enterprise/pe_modules/install.sh]/ensure: defined content as '{md5}7d7c7ae102f0cebb31b3a772dabec764'
  Notice: /Stage[main]/Puppet_enterprise::Profile::Master/Exec[Extract PE Modules]: Triggered 'refresh' from 1 events
  Notice: /Stage[main]/Puppet_enterprise::Amq::Config/Puppet_enterprise::Amq::Config::Beans[centos-72-x64-master - beans]/Augeas[amq_augeas_base_beans_config]/returns: executed successfully
  Notice: /Stage[main]/Puppet_enterprise::Profile::Amq::Broker/Puppet_enterprise::Amq::Config::Broker[remove default localhost]/Augeas[localhost: AMQ broker: remove default localhost]/returns: executed successfully
  Notice: /Stage[main]/Puppet_enterprise::Profile::Amq::Broker/Puppet_enterprise::Amq::Config::Broker[centos-72-x64-master]/Augeas[centos-72-x64-master: AMQ broker: centos-72-x64-master]/returns: executed successfully
  Notice: /Stage[main]/Puppet_enterprise::Profile::Amq::Broker/Puppet_enterprise::Amq::Config::Ssl_context[centos-72-x64-master-ssl-context]/Augeas[centos-72-x64-master: AMQ sslContext: centos-72-x64-master-ssl-context]/returns: executed successfully
  Notice: /Stage[main]/Puppet_enterprise::Profile::Amq::Broker/Puppet_enterprise::Amq::Config::Management_context[centos-72-x64-master - managementContext]/Augeas[centos-72-x64-master: AMQ managementContext: centos-72-x64-master - managementContext]/returns: executed successfully
  Notice: /Stage[main]/Puppet_enterprise::Profile::Amq::Broker/Puppet_enterprise::Amq::Config::Destination_policy_entry[centos-72-x64-master-topic->]/Augeas[centos-72-x64-master: AMQ destinationPolicyEntry: centos-72-x64-master-topic->]/returns: executed successfully
  Notice: /Stage[main]/Puppet_enterprise::Profile::Amq::Broker/Puppet_enterprise::Amq::Config::Destination_policy_entry[centos-72-x64-master-queue->]/Augeas[centos-72-x64-master: AMQ destinationPolicyEntry: centos-72-x64-master-queue->]/returns: executed successfully
  Notice: /Stage[main]/Puppet_enterprise::Profile::Amq::Broker/Puppet_enterprise::Amq::Config::Destination_policy_entry[centos-72-x64-master-queue-*.reply.>]/Augeas[centos-72-x64-master: AMQ destinationPolicyEntry: centos-72-x64-master-queue-*.reply.>]/returns: executed successfully
  Notice: /Stage[main]/Puppet_enterprise::Profile::Amq::Broker/Puppet_enterprise::Amq::Config::Transport_connector[centos-72-x64-master-openwire-transport]/Augeas[centos-72-x64-master: AMQ transportConnector: centos-72-x64-master-openwire-transport]/returns: executed successfully
  Notice: /Stage[main]/Puppet_enterprise::Profile::Amq::Broker/Puppet_enterprise::Amq::Config::Transport_connector[centos-72-x64-master-stomp-transport]/Augeas[centos-72-x64-master: AMQ transportConnector: centos-72-x64-master-stomp-transport]/returns: executed successfully
  Notice: /Stage[main]/Puppet_enterprise::Profile::Amq::Broker/Puppet_enterprise::Amq::Config::Statistics_broker_plugin[centos-72-x64-master-statisticsBrokerPlugin]/Augeas[centos-72-x64-master: AMQ statisticsBrokerPlugin: centos-72-x64-master-statisticsBrokerPlugin]/returns: executed successfully
  Notice: /Stage[main]/Puppet_enterprise::Profile::Amq::Broker/Puppet_enterprise::Amq::Config::Timestamping_broker_plugin[centos-72-x64-master-timeStampingBrokerPlugin]/Augeas[centos-72-x64-master: AMQ timeStampingBrokerPlugin: centos-72-x64-master-timeStampingBrokerPlugin]/returns: executed successfully
  Notice: /Stage[main]/Puppet_enterprise::Profile::Amq::Broker/Puppet_enterprise::Amq::Config::Simple_authentication_user[centos-72-x64-master-simple_auth_user-mcollective]/Augeas[centos-72-x64-master: AMQ simpleAuthentication user: centos-72-x64-master-simple_auth_user-mcollective]/returns: executed successfully
  Notice: /Stage[main]/Puppet_enterprise::Profile::Amq::Broker/Puppet_enterprise::Amq::Config::Authorization_plugin_entry[centos-72-x64-master-authorization-queue->]/Augeas[centos-72-x64-master: AMQ authorizationPlugin entry: centos-72-x64-master-authorization-queue->]/returns: executed successfully
  Notice: /Stage[main]/Puppet_enterprise::Profile::Amq::Broker/Puppet_enterprise::Amq::Config::Authorization_plugin_entry[centos-72-x64-master-authorization-topic->]/Augeas[centos-72-x64-master: AMQ authorizationPlugin entry: centos-72-x64-master-authorization-topic->]/returns: executed successfully
  Notice: /Stage[main]/Puppet_enterprise::Profile::Amq::Broker/Puppet_enterprise::Amq::Config::Authorization_plugin_entry[centos-72-x64-master-authorization-queue-mcollective.>]/Augeas[centos-72-x64-master: AMQ authorizationPlugin entry: centos-72-x64-master-authorization-queue-mcollective.>]/returns: executed successfully
  Notice: /Stage[main]/Puppet_enterprise::Profile::Amq::Broker/Puppet_enterprise::Amq::Config::Authorization_plugin_entry[centos-72-x64-master-authorization-topic-mcollective.>]/Augeas[centos-72-x64-master: AMQ authorizationPlugin entry: centos-72-x64-master-authorization-topic-mcollective.>]/returns: executed successfully
  Notice: /Stage[main]/Puppet_enterprise::Profile::Amq::Broker/Puppet_enterprise::Amq::Config::Authorization_plugin_entry[centos-72-x64-master-authorization-topic-ActiveMQ.Advisory.>]/Augeas[centos-72-x64-master: AMQ authorizationPlugin entry: centos-72-x64-master-authorization-topic-ActiveMQ.Advisory.>]/returns: executed successfully
  Notice: /Stage[main]/Puppet_enterprise::Profile::Amq::Broker/Puppet_enterprise::Amq::Config::Web_console[centos-72-x64-master - web console - false]/Augeas[AMQ webConsole: centos-72-x64-master - web console - false]/returns: executed successfully
  Notice: /Stage[main]/Puppet_enterprise::Profile::Amq::Broker/Puppet_enterprise::Amq::Config::System_usage[centos-72-x64-master - systemusage]/Augeas[centos-72-x64-master: AMQ systemUsage: centos-72-x64-master - systemusage]/returns: executed successfully
  Notice: /Stage[main]/Puppet_enterprise::Amq::Service/Service[pe-activemq]/ensure: ensure changed 'stopped' to 'running'
  Notice: /Stage[main]/Puppet_enterprise::Profile::Orchestrator/Puppet_enterprise::Trapperkeeper::Orchestrator[orchestration-services]/File[/etc/puppetlabs/orchestration-services/conf.d/orchestrator.conf]/owner: owner changed 'root' to 'pe-orchestration-services'
  Notice: /Stage[main]/Puppet_enterprise::Profile::Orchestrator/Puppet_enterprise::Trapperkeeper::Orchestrator[orchestration-services]/File[/etc/puppetlabs/orchestration-services/conf.d/orchestrator.conf]/group: group changed 'root' to 'pe-orchestration-services'
  Notice: /Stage[main]/Puppet_enterprise::Profile::Orchestrator/Puppet_enterprise::Trapperkeeper::Orchestrator[orchestration-services]/File[/etc/puppetlabs/orchestration-services/conf.d/orchestrator.conf]/mode: mode changed '0644' to '0640'
  Notice: /Stage[main]/Puppet_enterprise::Profile::Orchestrator/Puppet_enterprise::Trapperkeeper::Orchestrator[orchestration-services]/Pe_hocon_setting[orchestration-services.orchestrator.master-url]/value: value changed ['https://puppet:8140'] to 'https://centos-72-x64-master:8140'
  Notice: /Stage[main]/Puppet_enterprise::Profile::Orchestrator/Puppet_enterprise::Trapperkeeper::Orchestrator[orchestration-services]/Pe_hocon_setting[orchestration-services.orchestrator.puppetdb-url]/value: value changed ['https://puppetdb:8081'] to 'https://centos-72-x64-master:8081'
  Notice: /Stage[main]/Puppet_enterprise::Profile::Orchestrator/Puppet_enterprise::Trapperkeeper::Orchestrator[orchestration-services]/Pe_hocon_setting[orchestration-services.orchestrator.classifier-service]/value: value changed ['https://classifier:4433/classifier-api'] to 'https://centos-72-x64-master:4433/classifier-api'
  Notice: /Stage[main]/Puppet_enterprise::Profile::Orchestrator/Puppet_enterprise::Trapperkeeper::Orchestrator[orchestration-services]/Pe_hocon_setting[orchestration-services.orchestrator.rbac-service]/value: value changed ['https://rbac:4433/rbac-api'] to 'https://centos-72-x64-master:4433/rbac-api'
  Notice: /Stage[main]/Puppet_enterprise::Profile::Orchestrator/Puppet_enterprise::Trapperkeeper::Orchestrator[orchestration-services]/Pe_hocon_setting[orchestration-services.orchestrator.pcp-broker-url]/ensure: created
  Notice: /Stage[main]/Puppet_enterprise::Profile::Orchestrator/Puppet_enterprise::Trapperkeeper::Orchestrator[orchestration-services]/Pe_hocon_setting[orchestration-services.orchestrator.ssl-ca-cert]/value: value changed ['ca-cert.pem'] to '/etc/puppetlabs/puppet/ssl/certs/ca.pem'
  Notice: /Stage[main]/Puppet_enterprise::Profile::Orchestrator/Puppet_enterprise::Trapperkeeper::Orchestrator[orchestration-services]/Pe_hocon_setting[orchestration-services.orchestrator.ssl-cert]/value: value changed ['cert.pem'] to '/etc/puppetlabs/orchestration-services/ssl/pe-internal-orchestrator.cert.pem'
  Notice: /Stage[main]/Puppet_enterprise::Profile::Orchestrator/Puppet_enterprise::Trapperkeeper::Orchestrator[orchestration-services]/Pe_hocon_setting[orchestration-services.orchestrator.ssl-key]/value: value changed ['key.pem'] to '/etc/puppetlabs/orchestration-services/ssl/pe-internal-orchestrator.private_key.pem'
  Notice: /Stage[main]/Puppet_enterprise::Profile::Orchestrator/Puppet_enterprise::Trapperkeeper::Orchestrator[orchestration-services]/Pe_hocon_setting[orchestration-services.orchestrator.pcp-timeout]/ensure: created
  Notice: /Stage[main]/Puppet_enterprise::Profile::Orchestrator/Puppet_enterprise::Trapperkeeper::Orchestrator[orchestration-services]/Pe_hocon_setting[orchestration-services.orchestrator.database.subname]/value: value changed ['//localhost:5432/orchestrator'] to '//centos-72-x64-master:5432/pe-orchestrator?ssl=true&sslfactory=org.postgresql.ssl.jdbc4.LibPQFactory&sslmode=verify-full&sslrootcert=/etc/puppetlabs/puppet/ssl/certs/ca.pem'
  Notice: /Stage[main]/Puppet_enterprise::Profile::Orchestrator/Puppet_enterprise::Trapperkeeper::Orchestrator[orchestration-services]/Pe_hocon_setting[orchestration-services.orchestrator.database.user]/value: value changed ['orchestrator'] to 'Orc3Str8R'
  Notice: /Stage[main]/Puppet_enterprise::Profile::Orchestrator/Puppet_enterprise::Trapperkeeper::Orchestrator[orchestration-services]/Pe_hocon_setting[orchestration-services.orchestrator.database.password]/value: value changed ['orchestrator'] to '~!@#$%^*-/ aZ'
  Notice: /Stage[main]/Puppet_enterprise::Profile::Orchestrator/Puppet_enterprise::Trapperkeeper::Pcp_broker[orchestration-services]/File[/etc/puppetlabs/orchestration-services/conf.d/pcp-broker.conf]/owner: owner changed 'root' to 'pe-orchestration-services'
  Notice: /Stage[main]/Puppet_enterprise::Profile::Orchestrator/Puppet_enterprise::Trapperkeeper::Pcp_broker[orchestration-services]/File[/etc/puppetlabs/orchestration-services/conf.d/pcp-broker.conf]/group: group changed 'root' to 'pe-orchestration-services'
  Notice: /Stage[main]/Puppet_enterprise::Profile::Orchestrator/Puppet_enterprise::Trapperkeeper::Pcp_broker[orchestration-services]/File[/etc/puppetlabs/orchestration-services/conf.d/pcp-broker.conf]/mode: mode changed '0644' to '0640'
  Notice: /Stage[main]/Puppet_enterprise::Profile::Orchestrator/Puppet_enterprise::Trapperkeeper::Pcp_broker[orchestration-services]/Pe_hocon_setting[orchestration-services.pcp-broker.accept-consumers]/ensure: created
  Notice: /Stage[main]/Puppet_enterprise::Profile::Orchestrator/Puppet_enterprise::Trapperkeeper::Pcp_broker[orchestration-services]/Pe_hocon_setting[orchestration-services.pcp-broker.delivery-consumers]/ensure: created
  Notice: /Stage[main]/Puppet_enterprise::Profile::Orchestrator/Puppet_enterprise::Trapperkeeper::Pcp_broker[orchestration-services]/File[/etc/puppetlabs/orchestration-services/conf.d/authorization.conf]/owner: owner changed 'root' to 'pe-orchestration-services'
  Notice: /Stage[main]/Puppet_enterprise::Profile::Orchestrator/Puppet_enterprise::Trapperkeeper::Pcp_broker[orchestration-services]/File[/etc/puppetlabs/orchestration-services/conf.d/authorization.conf]/group: group changed 'root' to 'pe-orchestration-services'
  Notice: /Stage[main]/Puppet_enterprise::Profile::Orchestrator/Puppet_enterprise::Trapperkeeper::Pcp_broker[orchestration-services]/File[/etc/puppetlabs/orchestration-services/conf.d/authorization.conf]/mode: mode changed '0644' to '0640'
  Notice: /Stage[main]/Puppet_enterprise::Profile::Orchestrator/Puppet_enterprise::Certs[pe-orchestration-services]/File[/etc/puppetlabs/orchestration-services/ssl/centos-72-x64-master.cert.pem]/ensure: defined content as '{md5}e27a2082a2041b6841c7de95934ec434'
  Notice: /Stage[main]/Puppet_enterprise::Profile::Orchestrator/Puppet_enterprise::Certs[pe-orchestration-services]/File[/etc/puppetlabs/orchestration-services/ssl/centos-72-x64-master.private_key.pem]/ensure: defined content as '{md5}b71cc65c09158f45d9d8c297be5009d1'
  Notice: /Stage[main]/Puppet_enterprise::Profile::Orchestrator/Puppet_enterprise::Certs[pe-orchestration-services]/File[/etc/puppetlabs/orchestration-services/ssl/centos-72-x64-master.public_key.pem]/ensure: defined content as '{md5}841b230271be1d56795443309507002a'
  Notice: /Stage[main]/Puppet_enterprise::Profile::Orchestrator/Puppet_enterprise::Certs[pe-internal-orchestrator]/File[/etc/puppetlabs/orchestration-services/ssl/pe-internal-orchestrator.cert.pem]/ensure: defined content as '{md5}e95477ef23ca5e641a6eef8d8879843f'
  Notice: /Stage[main]/Puppet_enterprise::Profile::Orchestrator/Puppet_enterprise::Certs[pe-internal-orchestrator]/File[/etc/puppetlabs/orchestration-services/ssl/pe-internal-orchestrator.private_key.pem]/ensure: defined content as '{md5}559400a3cfe8cd3b0c6dd4fd75a5c962'
  Notice: /Stage[main]/Puppet_enterprise::Profile::Orchestrator/Puppet_enterprise::Certs[pe-internal-orchestrator]/File[/etc/puppetlabs/orchestration-services/ssl/pe-internal-orchestrator.public_key.pem]/ensure: defined content as '{md5}cd5890af16ee0876742101bb01e92ba4'
  Notice: /Stage[main]/Puppet_enterprise::Profile::Orchestrator/Puppet_enterprise::Trapperkeeper::Java_args[orchestration-services]/Pe_ini_subsetting[pe-orchestration-services_'Xms']/ensure: created
  Notice: /Stage[main]/Pe_concat::Setup/File[/opt/puppetlabs/puppet/cache/pe_concat]/ensure: created
  Notice: /Stage[main]/Pe_concat::Setup/File[/opt/puppetlabs/puppet/cache/pe_concat/bin]/ensure: created
  Notice: /Stage[main]/Pe_concat::Setup/File[/opt/puppetlabs/puppet/cache/pe_concat/bin/concatfragments.sh]/ensure: defined content as '{md5}7bbe7c5fce25a5ddd20415d909ba44fc'
  Notice: /Stage[main]/Puppet_enterprise::Profile::Master/Puppet_enterprise::Trapperkeeper::Bootstrap_cfg[certificate-authority-service]/Pe_concat[/etc/puppetlabs/puppetserver/bootstrap.cfg]/File[/opt/puppetlabs/puppet/cache/pe_concat/_etc_puppetlabs_puppetserver_bootstrap.cfg]/ensure: created
[...]
  /opt/puppetlabs/bin

centos-72-x64-agent executed in 0.04 seconds

centos-72-x64-agent 10:43:29$ grep ^PATH=.*\/opt\/puppetlabs\/bin ~/.ssh/environment

centos-72-x64-agent executed in 0.04 seconds
Exited: 1

centos-72-x64-agent 10:43:29$ grep ^PATH ~/.ssh/environment
  PATH=PATH:/opt/puppet/bin:/usr/local/sbin:/usr/local/bin:/usr/sbin:/usr/bin

centos-72-x64-agent executed in 0.04 seconds

centos-72-x64-agent 10:43:29$ sed -i -e "s/^PATH=/PATH=\/opt\/puppetlabs\/bin:/" ~/.ssh/environment

centos-72-x64-agent executed in 0.04 seconds
will not mirror environment to /etc/profile.d on non-sles/debian platform host

centos-72-x64-agent 10:43:29$ grep ^PATH=.*PATH ~/.ssh/environment
  PATH=/opt/puppetlabs/bin:PATH:/opt/puppet/bin:/usr/local/sbin:/usr/local/bin:/usr/sbin:/usr/bin

centos-72-x64-agent executed in 0.04 seconds

centos-72-x64-agent 10:43:29$ echo "/opt/puppetlabs/bin"
  /opt/puppetlabs/bin

centos-72-x64-agent executed in 0.04 seconds

centos-72-x64-agent 10:43:29$ grep ^PATH=.*\/opt\/puppetlabs\/bin ~/.ssh/environment
  PATH=/opt/puppetlabs/bin:PATH:/opt/puppet/bin:/usr/local/sbin:/usr/local/bin:/usr/sbin:/usr/bin

centos-72-x64-agent executed in 0.04 seconds

centos-72-x64-agent 10:43:29$ grep ^PATH=.*PATH ~/.ssh/environment
  PATH=/opt/puppetlabs/bin:PATH:/opt/puppet/bin:/usr/local/sbin:/usr/local/bin:/usr/sbin:/usr/bin

centos-72-x64-agent executed in 0.04 seconds

centos-72-x64-agent 10:43:29$ puppet config set server centos-72-x64-master

centos-72-x64-agent executed in 0.66 seconds

centos-72-x64-agent 10:43:29$ puppet config set certname centos-72-x64-agent

centos-72-x64-agent executed in 0.66 seconds

centos-72-x64-agent 10:43:30$ puppet agent -t
  Info: Creating a new SSL key for centos-72-x64-agent
  Exiting; failed to retrieve certificate and waitforcert is disabled
  Error: Could not request certificate: No route to host - connect(2) for "centos-72-x64-master" port 8140

centos-72-x64-agent executed in 1.80 seconds
Exited: 1

centos-72-x64-agent 10:43:32$ puppet agent --configprint node_name_value
  centos-72-x64-agent

centos-72-x64-agent executed in 0.64 seconds

centos-72-x64-master 10:43:33$ puppet cert --sign --all --allow-dns-alt-names
  Error: No waiting certificate requests to sign

centos-72-x64-master executed in 1.13 seconds
Exited: 24

centos-72-x64-master 10:43:34$ puppet cert --list --all
  + "centos-72-x64-master"                          (SHA256) 83:A3:F5:C2:96:F1:EA:5A:31:25:F9:5E:40:08:D9:1A:2D:83:04:D0:D8:71:36:81:14:74:03:AC:7D:72:37:9B (alt names: "DNS:10.255.192.205", "DNS:centos-72-x64-master", "DNS:puppet")
  + "pe-internal-classifier"                        (SHA256) 6A:A0:94:5F:B4:D9:C4:15:FA:89:C8:89:CD:95:CD:25:AB:93:42:2A:C0:14:63:B6:30:5F:20:83:29:E4:FC:43
  + "pe-internal-dashboard"                         (SHA256) 38:5B:4C:8B:F2:78:0C:17:94:C3:03:47:3B:65:71:5A:E7:AA:93:2B:F3:03:95:A8:93:1F:58:A3:56:6B:0E:FF
  + "pe-internal-mcollective-servers"               (SHA256) 38:F5:21:CD:E9:20:25:7F:0B:73:49:11:56:D8:89:95:82:DC:B3:0D:EC:87:D2:52:C0:6D:FA:18:31:49:35:2B
  + "pe-internal-orchestrator"                      (SHA256) C0:69:5D:E8:88:5D:CA:30:11:83:AB:8E:DC:2E:C6:AA:0F:5F:D9:87:AE:3E:83:1A:A0:8C:89:EF:C6:52:FB:FD
  + "pe-internal-peadmin-mcollective-client"        (SHA256) 1D:6C:7E:B5:22:70:6F:A1:CD:50:B4:FA:36:EB:3B:4E:31:B2:01:3F:28:02:78:77:B1:4B:E3:58:F7:8A:45:93
  + "pe-internal-puppet-console-mcollective-client" (SHA256) 9F:C1:42:54:BF:3E:78:32:A5:A7:96:FA:65:15:7D:3C:1F:19:E0:53:7E:5E:72:9A:8A:0D:40:E5:86:DE:6E:73

centos-72-x64-master executed in 1.19 seconds

centos-72-x64-master 10:43:36$ puppet cert --sign --all --allow-dns-alt-names
  Error: No waiting certificate requests to sign

centos-72-x64-master executed in 1.16 seconds
Exited: 24

centos-72-x64-master 10:43:37$ puppet cert --list --all
  + "centos-72-x64-master"                          (SHA256) 83:A3:F5:C2:96:F1:EA:5A:31:25:F9:5E:40:08:D9:1A:2D:83:04:D0:D8:71:36:81:14:74:03:AC:7D:72:37:9B (alt names: "DNS:10.255.192.205", "DNS:centos-72-x64-master", "DNS:puppet")
  + "pe-internal-classifier"                        (SHA256) 6A:A0:94:5F:B4:D9:C4:15:FA:89:C8:89:CD:95:CD:25:AB:93:42:2A:C0:14:63:B6:30:5F:20:83:29:E4:FC:43
  + "pe-internal-dashboard"                         (SHA256) 38:5B:4C:8B:F2:78:0C:17:94:C3:03:47:3B:65:71:5A:E7:AA:93:2B:F3:03:95:A8:93:1F:58:A3:56:6B:0E:FF
  + "pe-internal-mcollective-servers"               (SHA256) 38:F5:21:CD:E9:20:25:7F:0B:73:49:11:56:D8:89:95:82:DC:B3:0D:EC:87:D2:52:C0:6D:FA:18:31:49:35:2B
  + "pe-internal-orchestrator"                      (SHA256) C0:69:5D:E8:88:5D:CA:30:11:83:AB:8E:DC:2E:C6:AA:0F:5F:D9:87:AE:3E:83:1A:A0:8C:89:EF:C6:52:FB:FD
  + "pe-internal-peadmin-mcollective-client"        (SHA256) 1D:6C:7E:B5:22:70:6F:A1:CD:50:B4:FA:36:EB:3B:4E:31:B2:01:3F:28:02:78:77:B1:4B:E3:58:F7:8A:45:93
  + "pe-internal-puppet-console-mcollective-client" (SHA256) 9F:C1:42:54:BF:3E:78:32:A5:A7:96:FA:65:15:7D:3C:1F:19:E0:53:7E:5E:72:9A:8A:0D:40:E5:86:DE:6E:73

centos-72-x64-master executed in 1.23 seconds

centos-72-x64-master 10:43:39$ puppet cert --sign --all --allow-dns-alt-names
  Error: No waiting certificate requests to sign

centos-72-x64-master executed in 1.13 seconds
Exited: 24

centos-72-x64-master 10:43:40$ puppet cert --list --all
  + "centos-72-x64-master"                          (SHA256) 83:A3:F5:C2:96:F1:EA:5A:31:25:F9:5E:40:08:D9:1A:2D:83:04:D0:D8:71:36:81:14:74:03:AC:7D:72:37:9B (alt names: "DNS:10.255.192.205", "DNS:centos-72-x64-master", "DNS:puppet")
  + "pe-internal-classifier"                        (SHA256) 6A:A0:94:5F:B4:D9:C4:15:FA:89:C8:89:CD:95:CD:25:AB:93:42:2A:C0:14:63:B6:30:5F:20:83:29:E4:FC:43
  + "pe-internal-dashboard"                         (SHA256) 38:5B:4C:8B:F2:78:0C:17:94:C3:03:47:3B:65:71:5A:E7:AA:93:2B:F3:03:95:A8:93:1F:58:A3:56:6B:0E:FF
  + "pe-internal-mcollective-servers"               (SHA256) 38:F5:21:CD:E9:20:25:7F:0B:73:49:11:56:D8:89:95:82:DC:B3:0D:EC:87:D2:52:C0:6D:FA:18:31:49:35:2B
  + "pe-internal-orchestrator"                      (SHA256) C0:69:5D:E8:88:5D:CA:30:11:83:AB:8E:DC:2E:C6:AA:0F:5F:D9:87:AE:3E:83:1A:A0:8C:89:EF:C6:52:FB:FD
  + "pe-internal-peadmin-mcollective-client"        (SHA256) 1D:6C:7E:B5:22:70:6F:A1:CD:50:B4:FA:36:EB:3B:4E:31:B2:01:3F:28:02:78:77:B1:4B:E3:58:F7:8A:45:93
  + "pe-internal-puppet-console-mcollective-client" (SHA256) 9F:C1:42:54:BF:3E:78:32:A5:A7:96:FA:65:15:7D:3C:1F:19:E0:53:7E:5E:72:9A:8A:0D:40:E5:86:DE:6E:73

centos-72-x64-master executed in 1.17 seconds

centos-72-x64-master 10:43:44$ puppet cert --sign --all --allow-dns-alt-names
  Error: No waiting certificate requests to sign

centos-72-x64-master executed in 1.20 seconds
Exited: 24

centos-72-x64-master 10:43:45$ puppet cert --list --all
  + "centos-72-x64-master"                          (SHA256) 83:A3:F5:C2:96:F1:EA:5A:31:25:F9:5E:40:08:D9:1A:2D:83:04:D0:D8:71:36:81:14:74:03:AC:7D:72:37:9B (alt names: "DNS:10.255.192.205", "DNS:centos-72-x64-master", "DNS:puppet")
  + "pe-internal-classifier"                        (SHA256) 6A:A0:94:5F:B4:D9:C4:15:FA:89:C8:89:CD:95:CD:25:AB:93:42:2A:C0:14:63:B6:30:5F:20:83:29:E4:FC:43
  + "pe-internal-dashboard"                         (SHA256) 38:5B:4C:8B:F2:78:0C:17:94:C3:03:47:3B:65:71:5A:E7:AA:93:2B:F3:03:95:A8:93:1F:58:A3:56:6B:0E:FF
  + "pe-internal-mcollective-servers"               (SHA256) 38:F5:21:CD:E9:20:25:7F:0B:73:49:11:56:D8:89:95:82:DC:B3:0D:EC:87:D2:52:C0:6D:FA:18:31:49:35:2B
  + "pe-internal-orchestrator"                      (SHA256) C0:69:5D:E8:88:5D:CA:30:11:83:AB:8E:DC:2E:C6:AA:0F:5F:D9:87:AE:3E:83:1A:A0:8C:89:EF:C6:52:FB:FD
  + "pe-internal-peadmin-mcollective-client"        (SHA256) 1D:6C:7E:B5:22:70:6F:A1:CD:50:B4:FA:36:EB:3B:4E:31:B2:01:3F:28:02:78:77:B1:4B:E3:58:F7:8A:45:93
  + "pe-internal-puppet-console-mcollective-client" (SHA256) 9F:C1:42:54:BF:3E:78:32:A5:A7:96:FA:65:15:7D:3C:1F:19:E0:53:7E:5E:72:9A:8A:0D:40:E5:86:DE:6E:73

centos-72-x64-master executed in 1.19 seconds

centos-72-x64-master 10:43:49$ puppet cert --sign --all --allow-dns-alt-names
  Error: No waiting certificate requests to sign

centos-72-x64-master executed in 1.18 seconds
Exited: 24

centos-72-x64-master 10:43:50$ puppet cert --list --all
  + "centos-72-x64-master"                          (SHA256) 83:A3:F5:C2:96:F1:EA:5A:31:25:F9:5E:40:08:D9:1A:2D:83:04:D0:D8:71:36:81:14:74:03:AC:7D:72:37:9B (alt names: "DNS:10.255.192.205", "DNS:centos-72-x64-master", "DNS:puppet")
  + "pe-internal-classifier"                        (SHA256) 6A:A0:94:5F:B4:D9:C4:15:FA:89:C8:89:CD:95:CD:25:AB:93:42:2A:C0:14:63:B6:30:5F:20:83:29:E4:FC:43
  + "pe-internal-dashboard"                         (SHA256) 38:5B:4C:8B:F2:78:0C:17:94:C3:03:47:3B:65:71:5A:E7:AA:93:2B:F3:03:95:A8:93:1F:58:A3:56:6B:0E:FF
  + "pe-internal-mcollective-servers"               (SHA256) 38:F5:21:CD:E9:20:25:7F:0B:73:49:11:56:D8:89:95:82:DC:B3:0D:EC:87:D2:52:C0:6D:FA:18:31:49:35:2B
  + "pe-internal-orchestrator"                      (SHA256) C0:69:5D:E8:88:5D:CA:30:11:83:AB:8E:DC:2E:C6:AA:0F:5F:D9:87:AE:3E:83:1A:A0:8C:89:EF:C6:52:FB:FD
  + "pe-internal-peadmin-mcollective-client"        (SHA256) 1D:6C:7E:B5:22:70:6F:A1:CD:50:B4:FA:36:EB:3B:4E:31:B2:01:3F:28:02:78:77:B1:4B:E3:58:F7:8A:45:93
  + "pe-internal-puppet-console-mcollective-client" (SHA256) 9F:C1:42:54:BF:3E:78:32:A5:A7:96:FA:65:15:7D:3C:1F:19:E0:53:7E:5E:72:9A:8A:0D:40:E5:86:DE:6E:73

centos-72-x64-master executed in 1.22 seconds

centos-72-x64-master 10:43:56$ puppet cert --sign --all --allow-dns-alt-names
  Error: No waiting certificate requests to sign

centos-72-x64-master executed in 1.16 seconds
Exited: 24

centos-72-x64-master 10:43:58$ puppet cert --list --all
  + "centos-72-x64-master"                          (SHA256) 83:A3:F5:C2:96:F1:EA:5A:31:25:F9:5E:40:08:D9:1A:2D:83:04:D0:D8:71:36:81:14:74:03:AC:7D:72:37:9B (alt names: "DNS:10.255.192.205", "DNS:centos-72-x64-master", "DNS:puppet")
  + "pe-internal-classifier"                        (SHA256) 6A:A0:94:5F:B4:D9:C4:15:FA:89:C8:89:CD:95:CD:25:AB:93:42:2A:C0:14:63:B6:30:5F:20:83:29:E4:FC:43
  + "pe-internal-dashboard"                         (SHA256) 38:5B:4C:8B:F2:78:0C:17:94:C3:03:47:3B:65:71:5A:E7:AA:93:2B:F3:03:95:A8:93:1F:58:A3:56:6B:0E:FF
  + "pe-internal-mcollective-servers"               (SHA256) 38:F5:21:CD:E9:20:25:7F:0B:73:49:11:56:D8:89:95:82:DC:B3:0D:EC:87:D2:52:C0:6D:FA:18:31:49:35:2B
  + "pe-internal-orchestrator"                      (SHA256) C0:69:5D:E8:88:5D:CA:30:11:83:AB:8E:DC:2E:C6:AA:0F:5F:D9:87:AE:3E:83:1A:A0:8C:89:EF:C6:52:FB:FD
  + "pe-internal-peadmin-mcollective-client"        (SHA256) 1D:6C:7E:B5:22:70:6F:A1:CD:50:B4:FA:36:EB:3B:4E:31:B2:01:3F:28:02:78:77:B1:4B:E3:58:F7:8A:45:93
  + "pe-internal-puppet-console-mcollective-client" (SHA256) 9F:C1:42:54:BF:3E:78:32:A5:A7:96:FA:65:15:7D:3C:1F:19:E0:53:7E:5E:72:9A:8A:0D:40:E5:86:DE:6E:73

centos-72-x64-master executed in 1.20 seconds

centos-72-x64-master 10:44:07$ puppet cert --sign --all --allow-dns-alt-names
  Error: No waiting certificate requests to sign

centos-72-x64-master executed in 1.16 seconds
Exited: 24

centos-72-x64-master 10:44:08$ puppet cert --list --all
  + "centos-72-x64-master"                          (SHA256) 83:A3:F5:C2:96:F1:EA:5A:31:25:F9:5E:40:08:D9:1A:2D:83:04:D0:D8:71:36:81:14:74:03:AC:7D:72:37:9B (alt names: "DNS:10.255.192.205", "DNS:centos-72-x64-master", "DNS:puppet")
  + "pe-internal-classifier"                        (SHA256) 6A:A0:94:5F:B4:D9:C4:15:FA:89:C8:89:CD:95:CD:25:AB:93:42:2A:C0:14:63:B6:30:5F:20:83:29:E4:FC:43
  + "pe-internal-dashboard"                         (SHA256) 38:5B:4C:8B:F2:78:0C:17:94:C3:03:47:3B:65:71:5A:E7:AA:93:2B:F3:03:95:A8:93:1F:58:A3:56:6B:0E:FF
  + "pe-internal-mcollective-servers"               (SHA256) 38:F5:21:CD:E9:20:25:7F:0B:73:49:11:56:D8:89:95:82:DC:B3:0D:EC:87:D2:52:C0:6D:FA:18:31:49:35:2B
  + "pe-internal-orchestrator"                      (SHA256) C0:69:5D:E8:88:5D:CA:30:11:83:AB:8E:DC:2E:C6:AA:0F:5F:D9:87:AE:3E:83:1A:A0:8C:89:EF:C6:52:FB:FD
  + "pe-internal-peadmin-mcollective-client"        (SHA256) 1D:6C:7E:B5:22:70:6F:A1:CD:50:B4:FA:36:EB:3B:4E:31:B2:01:3F:28:02:78:77:B1:4B:E3:58:F7:8A:45:93
  + "pe-internal-puppet-console-mcollective-client" (SHA256) 9F:C1:42:54:BF:3E:78:32:A5:A7:96:FA:65:15:7D:3C:1F:19:E0:53:7E:5E:72:9A:8A:0D:40:E5:86:DE:6E:73

centos-72-x64-master executed in 1.15 seconds

centos-72-x64-master 10:44:22$ puppet cert --sign --all --allow-dns-alt-names
  Error: No waiting certificate requests to sign

centos-72-x64-master executed in 1.13 seconds
Exited: 24

centos-72-x64-master 10:44:23$ puppet cert --list --all
  + "centos-72-x64-master"                          (SHA256) 83:A3:F5:C2:96:F1:EA:5A:31:25:F9:5E:40:08:D9:1A:2D:83:04:D0:D8:71:36:81:14:74:03:AC:7D:72:37:9B (alt names: "DNS:10.255.192.205", "DNS:centos-72-x64-master", "DNS:puppet")
  + "pe-internal-classifier"                        (SHA256) 6A:A0:94:5F:B4:D9:C4:15:FA:89:C8:89:CD:95:CD:25:AB:93:42:2A:C0:14:63:B6:30:5F:20:83:29:E4:FC:43
  + "pe-internal-dashboard"                         (SHA256) 38:5B:4C:8B:F2:78:0C:17:94:C3:03:47:3B:65:71:5A:E7:AA:93:2B:F3:03:95:A8:93:1F:58:A3:56:6B:0E:FF
  + "pe-internal-mcollective-servers"               (SHA256) 38:F5:21:CD:E9:20:25:7F:0B:73:49:11:56:D8:89:95:82:DC:B3:0D:EC:87:D2:52:C0:6D:FA:18:31:49:35:2B
  + "pe-internal-orchestrator"                      (SHA256) C0:69:5D:E8:88:5D:CA:30:11:83:AB:8E:DC:2E:C6:AA:0F:5F:D9:87:AE:3E:83:1A:A0:8C:89:EF:C6:52:FB:FD
  + "pe-internal-peadmin-mcollective-client"        (SHA256) 1D:6C:7E:B5:22:70:6F:A1:CD:50:B4:FA:36:EB:3B:4E:31:B2:01:3F:28:02:78:77:B1:4B:E3:58:F7:8A:45:93
  + "pe-internal-puppet-console-mcollective-client" (SHA256) 9F:C1:42:54:BF:3E:78:32:A5:A7:96:FA:65:15:7D:3C:1F:19:E0:53:7E:5E:72:9A:8A:0D:40:E5:86:DE:6E:73

centos-72-x64-master executed in 1.14 seconds

centos-72-x64-master 10:44:45$ puppet cert --sign --all --allow-dns-alt-names
  Error: No waiting certificate requests to sign

centos-72-x64-master executed in 1.13 seconds
Exited: 24

centos-72-x64-master 10:44:46$ puppet cert --list --all
  + "centos-72-x64-master"                          (SHA256) 83:A3:F5:C2:96:F1:EA:5A:31:25:F9:5E:40:08:D9:1A:2D:83:04:D0:D8:71:36:81:14:74:03:AC:7D:72:37:9B (alt names: "DNS:10.255.192.205", "DNS:centos-72-x64-master", "DNS:puppet")
  + "pe-internal-classifier"                        (SHA256) 6A:A0:94:5F:B4:D9:C4:15:FA:89:C8:89:CD:95:CD:25:AB:93:42:2A:C0:14:63:B6:30:5F:20:83:29:E4:FC:43
  + "pe-internal-dashboard"                         (SHA256) 38:5B:4C:8B:F2:78:0C:17:94:C3:03:47:3B:65:71:5A:E7:AA:93:2B:F3:03:95:A8:93:1F:58:A3:56:6B:0E:FF
  + "pe-internal-mcollective-servers"               (SHA256) 38:F5:21:CD:E9:20:25:7F:0B:73:49:11:56:D8:89:95:82:DC:B3:0D:EC:87:D2:52:C0:6D:FA:18:31:49:35:2B
  + "pe-internal-orchestrator"                      (SHA256) C0:69:5D:E8:88:5D:CA:30:11:83:AB:8E:DC:2E:C6:AA:0F:5F:D9:87:AE:3E:83:1A:A0:8C:89:EF:C6:52:FB:FD
  + "pe-internal-peadmin-mcollective-client"        (SHA256) 1D:6C:7E:B5:22:70:6F:A1:CD:50:B4:FA:36:EB:3B:4E:31:B2:01:3F:28:02:78:77:B1:4B:E3:58:F7:8A:45:93
  + "pe-internal-puppet-console-mcollective-client" (SHA256) 9F:C1:42:54:BF:3E:78:32:A5:A7:96:FA:65:15:7D:3C:1F:19:E0:53:7E:5E:72:9A:8A:0D:40:E5:86:DE:6E:73

centos-72-x64-master executed in 1.14 seconds

centos-72-x64-master 10:45:22$ puppet cert --sign --all --allow-dns-alt-names
  Error: No waiting certificate requests to sign

centos-72-x64-master executed in 1.16 seconds
Exited: 24

centos-72-x64-master 10:45:23$ puppet cert --list --all
  + "centos-72-x64-master"                          (SHA256) 83:A3:F5:C2:96:F1:EA:5A:31:25:F9:5E:40:08:D9:1A:2D:83:04:D0:D8:71:36:81:14:74:03:AC:7D:72:37:9B (alt names: "DNS:10.255.192.205", "DNS:centos-72-x64-master", "DNS:puppet")
  + "pe-internal-classifier"                        (SHA256) 6A:A0:94:5F:B4:D9:C4:15:FA:89:C8:89:CD:95:CD:25:AB:93:42:2A:C0:14:63:B6:30:5F:20:83:29:E4:FC:43
  + "pe-internal-dashboard"                         (SHA256) 38:5B:4C:8B:F2:78:0C:17:94:C3:03:47:3B:65:71:5A:E7:AA:93:2B:F3:03:95:A8:93:1F:58:A3:56:6B:0E:FF
  + "pe-internal-mcollective-servers"               (SHA256) 38:F5:21:CD:E9:20:25:7F:0B:73:49:11:56:D8:89:95:82:DC:B3:0D:EC:87:D2:52:C0:6D:FA:18:31:49:35:2B
  + "pe-internal-orchestrator"                      (SHA256) C0:69:5D:E8:88:5D:CA:30:11:83:AB:8E:DC:2E:C6:AA:0F:5F:D9:87:AE:3E:83:1A:A0:8C:89:EF:C6:52:FB:FD
  + "pe-internal-peadmin-mcollective-client"        (SHA256) 1D:6C:7E:B5:22:70:6F:A1:CD:50:B4:FA:36:EB:3B:4E:31:B2:01:3F:28:02:78:77:B1:4B:E3:58:F7:8A:45:93
  + "pe-internal-puppet-console-mcollective-client" (SHA256) 9F:C1:42:54:BF:3E:78:32:A5:A7:96:FA:65:15:7D:3C:1F:19:E0:53:7E:5E:72:9A:8A:0D:40:E5:86:DE:6E:73

centos-72-x64-master executed in 1.15 seconds
Warning: 
Failed to sign cert for centos\-72\-x64\-agent

/home/mrsj/work/puppet/puppetlabs-lvm/.bundle/gems/ruby/2.1.0/gems/beaker-2.35.0/lib/beaker/dsl/outcomes.rb:42
/home/mrsj/work/puppet/puppetlabs-lvm/.bundle/gems/ruby/2.1.0/gems/beaker-2.35.0/lib/beaker/dsl/helpers/puppet_helpers.rb:726
/home/mrsj/work/puppet/puppetlabs-lvm/.bundle/gems/ruby/2.1.0/gems/beaker-2.35.0/lib/beaker/dsl/helpers/puppet_helpers.rb:725
/home/mrsj/work/puppet/puppetlabs-lvm/.bundle/gems/ruby/2.1.0/gems/beaker-2.35.0/lib/beaker/dsl/helpers/puppet_helpers.rb:725
/home/mrsj/work/puppet/puppetlabs-lvm/.bundle/gems/ruby/2.1.0/gems/beaker-2.35.0/lib/beaker/shared/host_manager.rb:115
/home/mrsj/work/puppet/puppetlabs-lvm/.bundle/gems/ruby/2.1.0/gems/beaker-2.35.0/lib/beaker/dsl/patterns.rb:35
/home/mrsj/work/puppet/puppetlabs-lvm/.bundle/gems/ruby/2.1.0/gems/beaker-2.35.0/lib/beaker/dsl/helpers/puppet_helpers.rb:713
/home/mrsj/work/puppet/puppetlabs-lvm/.bundle/gems/ruby/2.1.0/gems/beaker-2.35.0/lib/beaker/dsl/install_utils/pe_utils.rb:438
/home/mrsj/work/puppet/puppetlabs-lvm/.bundle/gems/ruby/2.1.0/gems/beaker-2.35.0/lib/beaker/dsl/install_utils/pe_utils.rb:394
/home/mrsj/work/puppet/puppetlabs-lvm/.bundle/gems/ruby/2.1.0/gems/beaker-2.35.0/lib/beaker/dsl/install_utils/pe_utils.rb:394
/home/mrsj/work/puppet/puppetlabs-lvm/.bundle/gems/ruby/2.1.0/gems/beaker-2.35.0/lib/beaker/dsl/install_utils/pe_utils.rb:575
/home/mrsj/work/puppet/puppetlabs-lvm/.bundle/gems/ruby/2.1.0/gems/beaker-2.35.0/lib/beaker/dsl/structure.rb:230
/home/mrsj/work/puppet/puppetlabs-lvm/.bundle/gems/ruby/2.1.0/gems/beaker-2.35.0/lib/beaker/dsl/install_utils/pe_utils.rb:558
/home/mrsj/work/puppet/puppetlabs-lvm/.bundle/gems/ruby/2.1.0/gems/beaker-2.35.0/lib/beaker/dsl/install_utils/pe_utils.rb:532
/home/mrsj/work/puppet/puppetlabs-lvm/tests/beaker/pre-suite/00_pe_install.rb:6
/home/mrsj/work/puppet/puppetlabs-lvm/.bundle/gems/ruby/2.1.0/gems/beaker-2.35.0/lib/beaker/test_case.rb:128
/home/mrsj/work/puppet/puppetlabs-lvm/.bundle/gems/ruby/2.1.0/gems/beaker-2.35.0/lib/beaker/test_case.rb:128
/usr/lib/ruby/2.1.0/benchmark.rb:294
/home/mrsj/work/puppet/puppetlabs-lvm/.bundle/gems/ruby/2.1.0/gems/beaker-2.35.0/lib/beaker/test_case.rb:125
/home/mrsj/work/puppet/puppetlabs-lvm/.bundle/gems/ruby/2.1.0/gems/beaker-2.35.0/lib/beaker/test_suite.rb:311
/home/mrsj/work/puppet/puppetlabs-lvm/.bundle/gems/ruby/2.1.0/gems/beaker-2.35.0/lib/beaker/test_suite.rb:308
/home/mrsj/work/puppet/puppetlabs-lvm/.bundle/gems/ruby/2.1.0/gems/beaker-2.35.0/lib/beaker/test_suite.rb:308
/home/mrsj/work/puppet/puppetlabs-lvm/.bundle/gems/ruby/2.1.0/gems/beaker-2.35.0/lib/beaker/test_suite.rb:357
/home/mrsj/work/puppet/puppetlabs-lvm/.bundle/gems/ruby/2.1.0/gems/beaker-2.35.0/lib/beaker/cli.rb:159
/home/mrsj/work/puppet/puppetlabs-lvm/.bundle/gems/ruby/2.1.0/gems/beaker-2.35.0/lib/beaker/cli.rb:95
/home/mrsj/work/puppet/puppetlabs-lvm/.bundle/gems/ruby/2.1.0/gems/beaker-2.35.0/bin/beaker:6
/home/mrsj/work/puppet/puppetlabs-lvm/.bundle/gems/ruby/2.1.0/bin/beaker:23
/home/mrsj/work/puppet/puppetlabs-lvm/.bundle/gems/ruby/2.1.0/bin/beaker:23
Begin teardown
End teardown
]]></system-out>
    </testcase>
  </testsuite>
</testsuites>
